2018-11-29 21:08:12 INFO  c.q.m.Application 48 logStarting - Starting Application v0.0.1-SNAPSHOT on LAPTOP-10S94U1O with PID 14220 (D:\work\QuantDo\Index\spring-boot-index\target\spring-boot-index-0.0.1-SNAPSHOT.jar started by Quantdo in D:\work\QuantDo\Index\spring-boot-index\target)
2018-11-29 21:08:12 INFO  c.q.m.Application 593 logStartupProfileInfo - No active profile set, falling back to default profiles: default
2018-11-29 21:08:12 INFO  o.s.b.c.e.AnnotationConfigEmbeddedWebApplicationContext 583 prepareRefresh - Refreshing org.springframework.boot.context.embedded.AnnotationConfigEmbeddedWebApplicationContext@77468bd9: startup date [Thu Nov 29 21:08:12 CST 2018]; root of context hierarchy
2018-11-29 21:08:12 INFO  o.h.v.i.u.Version 30 <clinit> - HV000001: Hibernate Validator 5.3.5.Final
2018-11-29 21:08:14 INFO  o.s.d.r.c.RepositoryConfigurationDelegate 165 multipleStoresDetected - Multiple Spring Data modules found, entering strict repository configuration mode!
2018-11-29 21:08:15 INFO  o.s.b.c.e.t.TomcatEmbeddedServletContainer 89 initialize - Tomcat initialized with port(s): 8080 (http)
2018-11-29 21:08:15 INFO  o.a.c.c.StandardService 179 log - Starting service [Tomcat]
2018-11-29 21:08:15 INFO  o.a.c.c.StandardEngine 179 log - Starting Servlet Engine: Apache Tomcat/8.5.16
2018-11-29 21:08:15 INFO  o.a.c.c.C.[.[.[/] 179 log - Initializing Spring embedded WebApplicationContext
2018-11-29 21:08:15 INFO  o.s.w.c.ContextLoader 276 prepareEmbeddedWebApplicationContext - Root WebApplicationContext: initialization completed in 3436 ms
2018-11-29 21:08:15 INFO  o.s.b.w.s.ServletRegistrationBean 190 onStartup - Mapping servlet: 'dispatcherServlet' to [/]
2018-11-29 21:08:15 INFO  o.s.b.w.s.FilterRegistrationBean 258 configure - Mapping filter: 'characterEncodingFilter' to: [/*]
2018-11-29 21:08:15 INFO  o.s.b.w.s.FilterRegistrationBean 258 configure - Mapping filter: 'hiddenHttpMethodFilter' to: [/*]
2018-11-29 21:08:15 INFO  o.s.b.w.s.FilterRegistrationBean 258 configure - Mapping filter: 'httpPutFormContentFilter' to: [/*]
2018-11-29 21:08:15 INFO  o.s.b.w.s.FilterRegistrationBean 258 configure - Mapping filter: 'requestContextFilter' to: [/*]
2018-11-29 21:08:16 INFO  o.q.i.StdSchedulerFactory 1184 instantiate - Using default implementation for ThreadExecutor
2018-11-29 21:08:16 INFO  o.q.c.SchedulerSignalerImpl 61 <init> - Initialized Scheduler Signaller of type: class org.quartz.core.SchedulerSignalerImpl
2018-11-29 21:08:16 INFO  o.q.c.QuartzScheduler 240 <init> - Quartz Scheduler v.2.2.1 created.
2018-11-29 21:08:16 INFO  o.q.s.RAMJobStore 155 initialize - RAMJobStore initialized.
2018-11-29 21:08:16 INFO  o.q.c.QuartzScheduler 305 initialize - Scheduler meta-data: Quartz Scheduler (v2.2.1) 'schedulerFactoryBean' with instanceId 'NON_CLUSTERED'
  Scheduler class: 'org.quartz.core.QuartzScheduler' - running locally.
  NOT STARTED.
  Currently in standby mode.
  Number of jobs executed: 0
  Using thread pool 'org.quartz.simpl.SimpleThreadPool' - with 10 threads.
  Using job-store 'org.quartz.simpl.RAMJobStore' - which does not support persistence. and is not clustered.

2018-11-29 21:08:16 INFO  o.q.i.StdSchedulerFactory 1339 instantiate - Quartz scheduler 'schedulerFactoryBean' initialized from an externally provided properties instance.
2018-11-29 21:08:16 INFO  o.q.i.StdSchedulerFactory 1343 instantiate - Quartz scheduler version: 2.2.1
2018-11-29 21:08:16 INFO  o.q.c.QuartzScheduler 2311 setJobFactory - JobFactory set to: com.quantdo.market.service.job.JobFactory@5d7148e2
2018-11-29 21:08:17 INFO  o.s.w.s.m.m.a.RequestMappingHandlerAdapter 534 initControllerAdviceCache - Looking for @ControllerAdvice: org.springframework.boot.context.embedded.AnnotationConfigEmbeddedWebApplicationContext@77468bd9: startup date [Thu Nov 29 21:08:12 CST 2018]; root of context hierarchy
2018-11-29 21:08:17 INFO  o.s.w.s.m.m.a.RequestMappingHandlerMapping 543 register - Mapped "{[/error]}" onto public org.springframework.http.ResponseEntity<java.util.Map<java.lang.String, java.lang.Object>> org.springframework.boot.autoconfigure.web.BasicErrorController.error(javax.servlet.http.HttpServletRequest)
2018-11-29 21:08:17 INFO  o.s.w.s.m.m.a.RequestMappingHandlerMapping 543 register - Mapped "{[/error],produces=[text/html]}" onto public org.springframework.web.servlet.ModelAndView org.springframework.boot.autoconfigure.web.BasicErrorController.errorHtml(javax.servlet.http.HttpServletRequest,javax.servlet.http.HttpServletResponse)
2018-11-29 21:08:17 INFO  o.s.w.s.h.SimpleUrlHandlerMapping 362 registerHandler - Mapped URL path [/webjars/**] onto handler of type [class org.springframework.web.servlet.resource.ResourceHttpRequestHandler]
2018-11-29 21:08:17 INFO  o.s.w.s.h.SimpleUrlHandlerMapping 362 registerHandler - Mapped URL path [/**] onto handler of type [class org.springframework.web.servlet.resource.ResourceHttpRequestHandler]
2018-11-29 21:08:18 INFO  o.s.w.s.h.SimpleUrlHandlerMapping 362 registerHandler - Mapped URL path [/**/favicon.ico] onto handler of type [class org.springframework.web.servlet.resource.ResourceHttpRequestHandler]
2018-11-29 21:08:18 INFO  o.s.j.e.a.AnnotationMBeanExporter 431 afterSingletonsInstantiated - Registering beans for JMX exposure on startup
2018-11-29 21:08:18 INFO  o.s.c.s.DefaultLifecycleProcessor 343 start - Starting beans in phase 2147483647
2018-11-29 21:08:18 INFO  o.s.s.q.SchedulerFactoryBean 650 startScheduler - Will start Quartz Scheduler [schedulerFactoryBean] in 1 seconds
2018-11-29 21:08:19 INFO  o.s.s.q.SchedulerFactoryBean 665 run - Starting Quartz Scheduler now, after delay of 1 seconds
2018-11-29 21:08:19 INFO  o.q.c.QuartzScheduler 575 start - Scheduler schedulerFactoryBean_$_NON_CLUSTERED started.
2018-11-29 21:08:20 INFO  c.q.m.s.w.AbstractWebsocketClient$1 57 channelActive - The current link has been activated and the reconnect attempts are reset to 0.
2018-11-29 21:08:20 DEBUG c.q.m.s.w.b.BitstampWebsocketClientHandler 44 onReceive - Bitstamp交易所收到订阅消息:{"event":"pusher:connection_established","data":"{\"socket_id\":\"245609.2937500\"}"}
2018-11-29 21:08:20 INFO  c.q.m.s.w.b.BitstampWebsocketClient 167 operationComplete - --->>>ws.pusher.com:80连接成功
2018-11-29 21:08:20 DEBUG c.q.m.s.w.b.BitstampWebsocketClient 173 lambda$operationComplete$1 - 订阅信息:{"event": "pusher:subscribe", "data": {"channel": "live_trades_btcusd"}}
2018-11-29 21:08:20 DEBUG c.q.m.s.w.b.BitstampWebsocketClient 173 lambda$operationComplete$1 - 订阅信息:{"event": "pusher:subscribe", "data": {"channel": "live_trades_btceur"}}
2018-11-29 21:08:20 DEBUG c.q.m.s.w.b.BitstampWebsocketClient 173 lambda$operationComplete$1 - 订阅信息:{"event": "pusher:subscribe", "data": {"channel": "live_trades_eurusd"}}
2018-11-29 21:08:20 DEBUG c.q.m.s.w.b.BitstampWebsocketClient 173 lambda$operationComplete$1 - 订阅信息:{"event": "pusher:subscribe", "data": {"channel": "live_trades_xrpusd"}}
2018-11-29 21:08:20 DEBUG c.q.m.s.w.b.BitstampWebsocketClient 173 lambda$operationComplete$1 - 订阅信息:{"event": "pusher:subscribe", "data": {"channel": "live_trades_xrpeur"}}
2018-11-29 21:08:20 DEBUG c.q.m.s.w.b.BitstampWebsocketClient 173 lambda$operationComplete$1 - 订阅信息:{"event": "pusher:subscribe", "data": {"channel": "live_trades_xrpbtc"}}
2018-11-29 21:08:20 DEBUG c.q.m.s.w.b.BitstampWebsocketClient 173 lambda$operationComplete$1 - 订阅信息:{"event": "pusher:subscribe", "data": {"channel": "live_trades_ltcusd"}}
2018-11-29 21:08:20 DEBUG c.q.m.s.w.b.BitstampWebsocketClient 173 lambda$operationComplete$1 - 订阅信息:{"event": "pusher:subscribe", "data": {"channel": "live_trades_ltceur"}}
2018-11-29 21:08:20 DEBUG c.q.m.s.w.b.BitstampWebsocketClient 173 lambda$operationComplete$1 - 订阅信息:{"event": "pusher:subscribe", "data": {"channel": "live_trades_ltcbtc"}}
2018-11-29 21:08:20 DEBUG c.q.m.s.w.b.BitstampWebsocketClient 173 lambda$operationComplete$1 - 订阅信息:{"event": "pusher:subscribe", "data": {"channel": "live_trades_ethusd"}}
2018-11-29 21:08:20 DEBUG c.q.m.s.w.b.BitstampWebsocketClient 173 lambda$operationComplete$1 - 订阅信息:{"event": "pusher:subscribe", "data": {"channel": "live_trades_etheur"}}
2018-11-29 21:08:20 DEBUG c.q.m.s.w.b.BitstampWebsocketClient 173 lambda$operationComplete$1 - 订阅信息:{"event": "pusher:subscribe", "data": {"channel": "live_trades_ethbtc"}}
2018-11-29 21:08:20 DEBUG c.q.m.s.w.b.BitstampWebsocketClient 173 lambda$operationComplete$1 - 订阅信息:{"event": "pusher:subscribe", "data": {"channel": "live_trades_bchusd"}}
2018-11-29 21:08:20 DEBUG c.q.m.s.w.b.BitstampWebsocketClient 173 lambda$operationComplete$1 - 订阅信息:{"event": "pusher:subscribe", "data": {"channel": "live_trades_bcheur"}}
2018-11-29 21:08:20 DEBUG c.q.m.s.w.b.BitstampWebsocketClient 173 lambda$operationComplete$1 - 订阅信息:{"event": "pusher:subscribe", "data": {"channel": "live_trades_bchbtc"}}
2018-11-29 21:08:20 INFO  c.q.m.s.w.b.BitstampWebsocketClientHandler 40 onReceive - Bitstamp交易所收到订阅成功消息:{"event":"pusher_internal:subscription_succeeded","data":"{}","channel":"live_trades_btcusd"}
2018-11-29 21:08:20 INFO  c.q.m.s.w.b.BitstampWebsocketClientHandler 40 onReceive - Bitstamp交易所收到订阅成功消息:{"event":"pusher_internal:subscription_succeeded","data":"{}","channel":"live_trades_btceur"}
2018-11-29 21:08:20 INFO  c.q.m.s.w.b.BitstampWebsocketClientHandler 40 onReceive - Bitstamp交易所收到订阅成功消息:{"event":"pusher_internal:subscription_succeeded","data":"{}","channel":"live_trades_eurusd"}
2018-11-29 21:08:20 INFO  c.q.m.s.w.b.BitstampWebsocketClientHandler 40 onReceive - Bitstamp交易所收到订阅成功消息:{"event":"pusher_internal:subscription_succeeded","data":"{}","channel":"live_trades_xrpusd"}
2018-11-29 21:08:20 INFO  c.q.m.s.w.b.BitstampWebsocketClientHandler 40 onReceive - Bitstamp交易所收到订阅成功消息:{"event":"pusher_internal:subscription_succeeded","data":"{}","channel":"live_trades_xrpeur"}
2018-11-29 21:08:20 INFO  c.q.m.s.w.b.BitstampWebsocketClientHandler 40 onReceive - Bitstamp交易所收到订阅成功消息:{"event":"pusher_internal:subscription_succeeded","data":"{}","channel":"live_trades_xrpbtc"}
2018-11-29 21:08:20 INFO  c.q.m.s.w.b.BitstampWebsocketClientHandler 40 onReceive - Bitstamp交易所收到订阅成功消息:{"event":"pusher_internal:subscription_succeeded","data":"{}","channel":"live_trades_ltcusd"}
2018-11-29 21:08:20 INFO  c.q.m.s.w.b.BitstampWebsocketClientHandler 40 onReceive - Bitstamp交易所收到订阅成功消息:{"event":"pusher_internal:subscription_succeeded","data":"{}","channel":"live_trades_ltceur"}
2018-11-29 21:08:20 INFO  c.q.m.s.w.b.BitstampWebsocketClientHandler 40 onReceive - Bitstamp交易所收到订阅成功消息:{"event":"pusher_internal:subscription_succeeded","data":"{}","channel":"live_trades_ltcbtc"}
2018-11-29 21:08:20 INFO  c.q.m.s.w.b.BitstampWebsocketClientHandler 40 onReceive - Bitstamp交易所收到订阅成功消息:{"event":"pusher_internal:subscription_succeeded","data":"{}","channel":"live_trades_ethusd"}
2018-11-29 21:08:20 INFO  c.q.m.s.w.b.BitstampWebsocketClientHandler 40 onReceive - Bitstamp交易所收到订阅成功消息:{"event":"pusher_internal:subscription_succeeded","data":"{}","channel":"live_trades_etheur"}
2018-11-29 21:08:20 INFO  c.q.m.s.w.b.BitstampWebsocketClientHandler 40 onReceive - Bitstamp交易所收到订阅成功消息:{"event":"pusher_internal:subscription_succeeded","data":"{}","channel":"live_trades_ethbtc"}
2018-11-29 21:08:20 INFO  c.q.m.s.w.b.BitstampWebsocketClientHandler 40 onReceive - Bitstamp交易所收到订阅成功消息:{"event":"pusher_internal:subscription_succeeded","data":"{}","channel":"live_trades_bchusd"}
2018-11-29 21:08:20 INFO  c.q.m.s.w.b.BitstampWebsocketClientHandler 40 onReceive - Bitstamp交易所收到订阅成功消息:{"event":"pusher_internal:subscription_succeeded","data":"{}","channel":"live_trades_bcheur"}
2018-11-29 21:08:20 INFO  c.q.m.s.w.b.BitstampWebsocketClientHandler 40 onReceive - Bitstamp交易所收到订阅成功消息:{"event":"pusher_internal:subscription_succeeded","data":"{}","channel":"live_trades_bchbtc"}
2018-11-29 21:08:21 INFO  c.q.m.s.w.AbstractWebsocketClient$1 57 channelActive - The current link has been activated and the reconnect attempts are reset to 0.
2018-11-29 21:08:21 DEBUG c.q.m.s.w.b.BitstampWebsocketClientHandler 44 onReceive - Bitstamp交易所收到订阅消息:{"event":"trade","data":"{\"amount\": 36633.523999999998, \"buy_order_id\": 2466948938, \"sell_order_id\": 2466947173, \"amount_str\": \"36633.52400000\", \"price_str\": \"0.37045\", \"timestamp\": \"1543496901\", \"price\": 0.37045, \"type\": 0, \"id\": 78657106}","channel":"live_trades_xrpusd"}
2018-11-29 21:08:21 DEBUG c.q.m.s.w.b.BitstampWebsocketClientHandler 44 onReceive - Bitstamp交易所收到订阅消息:{"event":"trade","data":"{\"amount\": 26150.0, \"buy_order_id\": 2466948961, \"sell_order_id\": 2466947173, \"amount_str\": \"26150.00000000\", \"price_str\": \"0.37045\", \"timestamp\": \"1543496901\", \"price\": 0.37045, \"type\": 0, \"id\": 78657107}","channel":"live_trades_xrpusd"}
2018-11-29 21:08:22 INFO  c.q.m.s.w.c.CoinbaseWebsocketClient 167 operationComplete - --->>>ws-feed.pro.coinbase.com:443连接成功
2018-11-29 21:08:22 DEBUG c.q.m.s.w.c.CoinbaseWebsocketClient 173 lambda$operationComplete$1 - 订阅信息:{"type": "subscribe","product_ids": ["ETH-USD","ETH-EUR"],"channels": ["ticker"]}
2018-11-29 21:08:22 INFO  o.a.c.h.Http11NioProtocol 179 log - Initializing ProtocolHandler ["http-nio-8080"]
2018-11-29 21:08:22 INFO  o.a.c.h.Http11NioProtocol 179 log - Starting ProtocolHandler ["http-nio-8080"]
2018-11-29 21:08:22 INFO  o.a.t.u.n.NioSelectorPool 179 log - Using a shared selector for servlet write/read
2018-11-29 21:08:22 INFO  o.s.b.c.e.t.TomcatEmbeddedServletContainer 201 start - Tomcat started on port(s): 8080 (http)
2018-11-29 21:08:22 INFO  c.q.m.Application 57 logStarted - Started Application in 11.016 seconds (JVM running for 12.256)
2018-11-29 21:08:22 DEBUG c.q.m.s.w.b.BitstampWebsocketClientHandler 44 onReceive - Bitstamp交易所收到订阅消息:{"event":"trade","data":"{\"amount\": 4744.59531238, \"buy_order_id\": 2466949018, \"sell_order_id\": 2466947173, \"amount_str\": \"4744.59531238\", \"price_str\": \"0.37045\", \"timestamp\": \"1543496902\", \"price\": 0.37045, \"type\": 0, \"id\": 78657108}","channel":"live_trades_xrpusd"}
2018-11-29 21:08:22 DEBUG c.q.m.s.w.c.CoinbaseWebsocketClientHandler 37 onReceive - Coinbase交易所收到订阅消息:{"type":"ticker","sequence":5866885577,"product_id":"ETH-USD","price":"116.40000000","open_24h":"115.72000000","volume_24h":"316680.73327451","low_24h":"114.60000000","high_24h":"126.46000000","volume_30d":"5302903.53733081","best_bid":"116.39","best_ask":"116.4"}
2018-11-29 21:08:22 DEBUG c.q.m.s.w.c.CoinbaseWebsocketClientHandler 37 onReceive - Coinbase交易所收到订阅消息:{"type":"ticker","sequence":1613811548,"product_id":"ETH-EUR","price":"102.61000000","open_24h":"102.63000000","volume_24h":"47041.78617908","low_24h":"101.34000000","high_24h":"111.24000000","volume_30d":"691868.50130906","best_bid":"102.66","best_ask":"102.68"}
2018-11-29 21:08:22 INFO  c.q.m.s.w.c.CoinbaseWebsocketClientHandler 33 onReceive - Coinbase交易所订阅成功消息:{"type":"subscriptions","channels":[{"name":"ticker","product_ids":["ETH-USD","ETH-EUR"]}]}
2018-11-29 21:08:22 DEBUG c.q.m.s.w.c.CoinbaseWebsocketClientHandler 37 onReceive - Coinbase交易所收到订阅消息:{"type":"ticker","sequence":1613811876,"product_id":"ETH-EUR","price":"102.68000000","open_24h":"102.63000000","volume_24h":"47041.88445908","low_24h":"101.34000000","high_24h":"111.24000000","volume_30d":"691868.59958906","best_bid":"102.66","best_ask":"102.7","side":"buy","time":"2018-11-29T13:08:22.899000Z","trade_id":5373578,"last_size":"0.09828000"}
2018-11-29 21:08:22 DEBUG c.q.m.s.w.c.CoinbaseWebsocketClientHandler 37 onReceive - Coinbase交易所收到订阅消息:{"type":"ticker","sequence":1613811880,"product_id":"ETH-EUR","price":"102.70000000","open_24h":"102.63000000","volume_24h":"47042.79400148","low_24h":"101.34000000","high_24h":"111.24000000","volume_30d":"691869.50913146","best_bid":"102.66","best_ask":"102.7","side":"buy","time":"2018-11-29T13:08:22.899000Z","trade_id":5373580,"last_size":"0.90954240"}
2018-11-29 21:08:22 DEBUG c.q.m.s.w.c.CoinbaseWebsocketClientHandler 37 onReceive - Coinbase交易所收到订阅消息:{"type":"ticker","sequence":5866886381,"product_id":"ETH-USD","price":"116.40000000","open_24h":"115.72000000","volume_24h":"316680.73425843","low_24h":"114.60000000","high_24h":"126.46000000","volume_30d":"5302903.53831473","best_bid":"116.39","best_ask":"116.54","side":"buy","time":"2018-11-29T13:08:22.964000Z","trade_id":42533536,"last_size":"0.00098392"}
2018-11-29 21:08:22 DEBUG c.q.m.s.w.c.CoinbaseWebsocketClientHandler 37 onReceive - Coinbase交易所收到订阅消息:{"type":"ticker","sequence":5866886385,"product_id":"ETH-USD","price":"116.55000000","open_24h":"115.72000000","volume_24h":"316683.04232698","low_24h":"114.60000000","high_24h":"126.46000000","volume_30d":"5302905.84638328","best_bid":"116.39","best_ask":"116.59","side":"buy","time":"2018-11-29T13:08:22.964000Z","trade_id":42533538,"last_size":"2.30806855"}
2018-11-29 21:08:22 DEBUG c.q.m.s.w.c.CoinbaseWebsocketClientHandler 37 onReceive - Coinbase交易所收到订阅消息:{"type":"ticker","sequence":5866886387,"product_id":"ETH-USD","price":"116.59000000","open_24h":"115.72000000","volume_24h":"316696.05793668","low_24h":"114.60000000","high_24h":"126.46000000","volume_30d":"5302918.86199298","best_bid":"116.39","best_ask":"116.59","side":"buy","time":"2018-11-29T13:08:22.964000Z","trade_id":42533539,"last_size":"13.01560970"}
2018-11-29 21:08:23 DEBUG c.q.m.s.w.b.BitstampWebsocketClientHandler 44 onReceive - Bitstamp交易所收到订阅消息:{"event":"trade","data":"{\"amount\": 1.217e-05, \"buy_order_id\": 2466949082, \"sell_order_id\": 2466948502, \"amount_str\": \"0.00001217\", \"price_str\": \"102.55\", \"timestamp\": \"1543496903\", \"price\": 102.55, \"type\": 0, \"id\": 78657109}","channel":"live_trades_etheur"}
2018-11-29 21:08:23 DEBUG c.q.m.s.w.b.BitstampWebsocketClientHandler 44 onReceive - Bitstamp交易所收到订阅消息:{"event":"trade","data":"{\"amount\": 1.022, \"buy_order_id\": 2466949082, \"sell_order_id\": 2466948685, \"amount_str\": \"1.02200000\", \"price_str\": \"102.62\", \"timestamp\": \"1543496903\", \"price\": 102.62, \"type\": 0, \"id\": 78657110}","channel":"live_trades_etheur"}
2018-11-29 21:08:23 DEBUG c.q.m.s.w.b.BitstampWebsocketClientHandler 44 onReceive - Bitstamp交易所收到订阅消息:{"event":"trade","data":"{\"amount\": 0.079569500000000001, \"buy_order_id\": 2466949094, \"sell_order_id\": 2466947052, \"amount_str\": \"0.07956950\", \"price_str\": \"3723.16\", \"timestamp\": \"1543496903\", \"price\": 3723.1599999999999, \"type\": 0, \"id\": 78657111}","channel":"live_trades_btceur"}
2018-11-29 21:08:23 DEBUG c.q.m.s.w.b.BitstampWebsocketClientHandler 44 onReceive - Bitstamp交易所收到订阅消息:{"event":"trade","data":"{\"amount\": 2.85207984, \"buy_order_id\": 2466949082, \"sell_order_id\": 2466948530, \"amount_str\": \"2.85207984\", \"price_str\": \"102.63\", \"timestamp\": \"1543496903\", \"price\": 102.63, \"type\": 0, \"id\": 78657112}","channel":"live_trades_etheur"}
2018-11-29 21:08:23 DEBUG c.q.m.s.w.b.BitstampWebsocketClientHandler 44 onReceive - Bitstamp交易所收到订阅消息:{"event":"trade","data":"{\"amount\": 5100.9720876199999, \"buy_order_id\": 2466949123, \"sell_order_id\": 2466949075, \"amount_str\": \"5100.97208762\", \"price_str\": \"0.37081\", \"timestamp\": \"1543496903\", \"price\": 0.37080999999999997, \"type\": 0, \"id\": 78657113}","channel":"live_trades_xrpusd"}
2018-11-29 21:08:24 DEBUG c.q.m.s.w.c.CoinbaseWebsocketClientHandler 37 onReceive - Coinbase交易所收到订阅消息:{"type":"ticker","sequence":1613811934,"product_id":"ETH-EUR","price":"102.70000000","open_24h":"102.63000000","volume_24h":"47044.28445908","low_24h":"101.34000000","high_24h":"111.24000000","volume_30d":"691870.99958906","best_bid":"102.67","best_ask":"102.71","side":"buy","time":"2018-11-29T13:08:24.447000Z","trade_id":5373581,"last_size":"1.49045760"}
2018-11-29 21:08:24 DEBUG c.q.m.s.w.c.CoinbaseWebsocketClientHandler 37 onReceive - Coinbase交易所收到订阅消息:{"type":"ticker","sequence":1613811938,"product_id":"ETH-EUR","price":"102.72000000","open_24h":"102.63000000","volume_24h":"47049.08445908","low_24h":"101.34000000","high_24h":"111.24000000","volume_30d":"691875.79958906","best_bid":"102.67","best_ask":"102.74","side":"buy","time":"2018-11-29T13:08:24.447000Z","trade_id":5373583,"last_size":"4.80000000"}
2018-11-29 21:08:24 DEBUG c.q.m.s.w.c.CoinbaseWebsocketClientHandler 37 onReceive - Coinbase交易所收到订阅消息:{"type":"ticker","sequence":1613811940,"product_id":"ETH-EUR","price":"102.74000000","open_24h":"102.63000000","volume_24h":"47050.40455482","low_24h":"101.34000000","high_24h":"111.24000000","volume_30d":"691877.1196848","best_bid":"102.67","best_ask":"102.74","side":"buy","time":"2018-11-29T13:08:24.447000Z","trade_id":5373584,"last_size":"1.32009574"}
2018-11-29 21:08:24 DEBUG c.q.m.s.w.b.BitstampWebsocketClientHandler 44 onReceive - Bitstamp交易所收到订阅消息:{"event":"trade","data":"{\"amount\": 15.0, \"buy_order_id\": 2466949212, \"sell_order_id\": 2466948924, \"amount_str\": \"15.00000000\", \"price_str\": \"116.66\", \"timestamp\": \"1543496904\", \"price\": 116.66, \"type\": 0, \"id\": 78657114}","channel":"live_trades_ethusd"}
2018-11-29 21:08:24 DEBUG c.q.m.s.w.b.BitstampWebsocketClientHandler 44 onReceive - Bitstamp交易所收到订阅消息:{"event":"trade","data":"{\"amount\": 8.0, \"buy_order_id\": 2466949162, \"sell_order_id\": 2466949278, \"amount_str\": \"8.00000000\", \"price_str\": \"116.62\", \"timestamp\": \"1543496904\", \"price\": 116.62, \"type\": 1, \"id\": 78657115}","channel":"live_trades_ethusd"}
2018-11-29 21:08:25 DEBUG c.q.m.s.w.b.BitstampWebsocketClientHandler 44 onReceive - Bitstamp交易所收到订阅消息:{"event":"trade","data":"{\"amount\": 7.0, \"buy_order_id\": 2466949162, \"sell_order_id\": 2466949339, \"amount_str\": \"7.00000000\", \"price_str\": \"116.62\", \"timestamp\": \"1543496905\", \"price\": 116.62, \"type\": 1, \"id\": 78657116}","channel":"live_trades_ethusd"}
2018-11-29 21:08:25 DEBUG c.q.m.s.w.b.BitstampWebsocketClientHandler 44 onReceive - Bitstamp交易所收到订阅消息:{"event":"trade","data":"{\"amount\": 2.0, \"buy_order_id\": 2466949146, \"sell_order_id\": 2466949371, \"amount_str\": \"2.00000000\", \"price_str\": \"33.43\", \"timestamp\": \"1543496905\", \"price\": 33.43, \"type\": 1, \"id\": 78657117}","channel":"live_trades_ltcusd"}
2018-11-29 21:08:26 DEBUG c.q.m.s.w.b.BitstampWebsocketClientHandler 44 onReceive - Bitstamp交易所收到订阅消息:{"event":"trade","data":"{\"amount\": 2.0, \"buy_order_id\": 2466948861, \"sell_order_id\": 2466949417, \"amount_str\": \"2.00000000\", \"price_str\": \"0.00794000\", \"timestamp\": \"1543496906\", \"price\": 0.0079399999999999991, \"type\": 1, \"id\": 78657118}","channel":"live_trades_ltcbtc"}
2018-11-29 21:08:27 DEBUG c.q.m.s.w.b.BitstampWebsocketClientHandler 44 onReceive - Bitstamp交易所收到订阅消息:{"event":"trade","data":"{\"amount\": 5000.0, \"buy_order_id\": 2466949540, \"sell_order_id\": 2466949409, \"amount_str\": \"5000.00000000\", \"price_str\": \"0.37069\", \"timestamp\": \"1543496907\", \"price\": 0.37069000000000002, \"type\": 0, \"id\": 78657120}","channel":"live_trades_xrpusd"}
2018-11-29 21:08:30 DEBUG c.q.m.s.w.c.CoinbaseWebsocketClientHandler 37 onReceive - Coinbase交易所收到订阅消息:{"type":"ticker","sequence":1613812360,"product_id":"ETH-EUR","price":"102.79000000","open_24h":"102.63000000","volume_24h":"47050.50154956","low_24h":"101.34000000","high_24h":"111.24000000","volume_30d":"691877.21667954","best_bid":"102.76","best_ask":"102.79","side":"buy","time":"2018-11-29T13:08:30.803000Z","trade_id":5373585,"last_size":"0.09699474"}
2018-11-29 21:08:30 DEBUG c.q.m.s.w.b.BitstampWebsocketClientHandler 44 onReceive - Bitstamp交易所收到订阅消息:{"event":"trade","data":"{\"amount\": 13379.398999999999, \"buy_order_id\": 2466949922, \"sell_order_id\": 2466949888, \"amount_str\": \"13379.39900000\", \"price_str\": \"0.32543\", \"timestamp\": \"1543496910\", \"price\": 0.32543, \"type\": 0, \"id\": 78657121}","channel":"live_trades_xrpeur"}
2018-11-29 21:08:32 DEBUG c.q.m.s.w.b.BitstampWebsocketClientHandler 44 onReceive - Bitstamp交易所收到订阅消息:{"event":"trade","data":"{\"amount\": 20000.0, \"buy_order_id\": 2466950051, \"sell_order_id\": 2466949409, \"amount_str\": \"20000.00000000\", \"price_str\": \"0.37069\", \"timestamp\": \"1543496912\", \"price\": 0.37069000000000002, \"type\": 0, \"id\": 78657122}","channel":"live_trades_xrpusd"}
2018-11-29 21:08:32 DEBUG c.q.m.s.w.b.BitstampWebsocketClientHandler 44 onReceive - Bitstamp交易所收到订阅消息:{"event":"trade","data":"{\"amount\": 20204.432400000002, \"buy_order_id\": 2466950083, \"sell_order_id\": 2466949888, \"amount_str\": \"20204.43240000\", \"price_str\": \"0.32543\", \"timestamp\": \"1543496912\", \"price\": 0.32543, \"type\": 0, \"id\": 78657123}","channel":"live_trades_xrpeur"}
2018-11-29 21:08:33 DEBUG c.q.m.s.w.b.BitstampWebsocketClientHandler 44 onReceive - Bitstamp交易所收到订阅消息:{"event":"trade","data":"{\"amount\": 776.35260000000005, \"buy_order_id\": 2466950167, \"sell_order_id\": 2466949888, \"amount_str\": \"776.35260000\", \"price_str\": \"0.32543\", \"timestamp\": \"1543496913\", \"price\": 0.32543, \"type\": 0, \"id\": 78657125}","channel":"live_trades_xrpeur"}
2018-11-29 21:08:33 DEBUG c.q.m.s.w.b.BitstampWebsocketClientHandler 44 onReceive - Bitstamp交易所收到订阅消息:{"event":"trade","data":"{\"amount\": 1071.0, \"buy_order_id\": 2466950194, \"sell_order_id\": 2466949888, \"amount_str\": \"1071.00000000\", \"price_str\": \"0.32543\", \"timestamp\": \"1543496913\", \"price\": 0.32543, \"type\": 0, \"id\": 78657126}","channel":"live_trades_xrpeur"}
2018-11-29 21:08:34 DEBUG c.q.m.s.w.b.BitstampWebsocketClientHandler 44 onReceive - Bitstamp交易所收到订阅消息:{"event":"trade","data":"{\"amount\": 723.68398706000005, \"buy_order_id\": 2466950283, \"sell_order_id\": 2466949888, \"amount_str\": \"723.68398706\", \"price_str\": \"0.32543\", \"timestamp\": \"1543496914\", \"price\": 0.32543, \"type\": 0, \"id\": 78657127}","channel":"live_trades_xrpeur"}
2018-11-29 21:08:35 DEBUG c.q.m.s.w.b.BitstampWebsocketClientHandler 44 onReceive - Bitstamp交易所收到订阅消息:{"event":"trade","data":"{\"amount\": 25.0, \"buy_order_id\": 2466950347, \"sell_order_id\": 2466949776, \"amount_str\": \"25.00000000\", \"price_str\": \"0.37140\", \"timestamp\": \"1543496915\", \"price\": 0.37140000000000001, \"type\": 0, \"id\": 78657129}","channel":"live_trades_xrpusd"}
2018-11-29 21:08:35 DEBUG c.q.m.s.w.b.BitstampWebsocketClientHandler 44 onReceive - Bitstamp交易所收到订阅消息:{"event":"trade","data":"{\"amount\": 230.14270328000001, \"buy_order_id\": 2466950347, \"sell_order_id\": 2466950388, \"amount_str\": \"230.14270328\", \"price_str\": \"0.37140\", \"timestamp\": \"1543496915\", \"price\": 0.37140000000000001, \"type\": 1, \"id\": 78657130}","channel":"live_trades_xrpusd"}
2018-11-29 21:08:36 DEBUG c.q.m.s.w.b.BitstampWebsocketClientHandler 44 onReceive - Bitstamp交易所收到订阅消息:{"event":"trade","data":"{\"amount\": 5.9466107700000004, \"buy_order_id\": 2466950528, \"sell_order_id\": 2466950053, \"amount_str\": \"5.94661077\", \"price_str\": \"116.59\", \"timestamp\": \"1543496916\", \"price\": 116.59, \"type\": 0, \"id\": 78657132}","channel":"live_trades_ethusd"}
2018-11-29 21:08:36 DEBUG c.q.m.s.w.b.BitstampWebsocketClientHandler 44 onReceive - Bitstamp交易所收到订阅消息:{"event":"trade","data":"{\"amount\": 14.86669054, \"buy_order_id\": 2466950528, \"sell_order_id\": 2466950060, \"amount_str\": \"14.86669054\", \"price_str\": \"116.59\", \"timestamp\": \"1543496916\", \"price\": 116.59, \"type\": 0, \"id\": 78657133}","channel":"live_trades_ethusd"}
2018-11-29 21:08:36 DEBUG c.q.m.s.w.b.BitstampWebsocketClientHandler 44 onReceive - Bitstamp交易所收到订阅消息:{"event":"trade","data":"{\"amount\": 5.7301959900000004, \"buy_order_id\": 2466950528, \"sell_order_id\": 2466950062, \"amount_str\": \"5.73019599\", \"price_str\": \"116.59\", \"timestamp\": \"1543496916\", \"price\": 116.59, \"type\": 0, \"id\": 78657134}","channel":"live_trades_ethusd"}
2018-11-29 21:08:37 DEBUG c.q.m.s.w.b.BitstampWebsocketClientHandler 44 onReceive - Bitstamp交易所收到订阅消息:{"event":"trade","data":"{\"amount\": 0.88300270000000003, \"buy_order_id\": 2466950528, \"sell_order_id\": 2466950064, \"amount_str\": \"0.88300270\", \"price_str\": \"116.59\", \"timestamp\": \"1543496917\", \"price\": 116.59, \"type\": 0, \"id\": 78657135}","channel":"live_trades_ethusd"}
2018-11-29 21:08:37 DEBUG c.q.m.s.w.c.CoinbaseWebsocketClientHandler 37 onReceive - Coinbase交易所收到订阅消息:{"type":"ticker","sequence":5866888148,"product_id":"ETH-USD","price":"116.59000000","open_24h":"115.72000000","volume_24h":"316701.05793668","low_24h":"114.60000000","high_24h":"126.46000000","volume_30d":"5302923.86199298","best_bid":"116.58","best_ask":"116.62","side":"buy","time":"2018-11-29T13:08:37.426000Z","trade_id":42533540,"last_size":"5.00000000"}
2018-11-29 21:08:37 DEBUG c.q.m.s.w.c.CoinbaseWebsocketClientHandler 37 onReceive - Coinbase交易所收到订阅消息:{"type":"ticker","sequence":5866888176,"product_id":"ETH-USD","price":"116.62000000","open_24h":"115.72000000","volume_24h":"316701.20723668","low_24h":"114.60000000","high_24h":"126.46000000","volume_30d":"5302924.01129298","best_bid":"116.61","best_ask":"116.62","side":"buy","time":"2018-11-29T13:08:37.487000Z","trade_id":42533541,"last_size":"0.14930000"}
2018-11-29 21:08:37 DEBUG c.q.m.s.w.c.CoinbaseWebsocketClientHandler 37 onReceive - Coinbase交易所收到订阅消息:{"type":"ticker","sequence":5866888189,"product_id":"ETH-USD","price":"116.62000000","open_24h":"115.72000000","volume_24h":"316701.20726054","low_24h":"114.60000000","high_24h":"126.46000000","volume_30d":"5302924.01131684","best_bid":"116.61","best_ask":"116.63","side":"buy","time":"2018-11-29T13:08:37.533000Z","trade_id":42533542,"last_size":"0.00002386"}
2018-11-29 21:08:37 DEBUG c.q.m.s.w.c.CoinbaseWebsocketClientHandler 37 onReceive - Coinbase交易所收到订阅消息:{"type":"ticker","sequence":5866888191,"product_id":"ETH-USD","price":"116.63000000","open_24h":"115.72000000","volume_24h":"316701.27583668","low_24h":"114.60000000","high_24h":"126.46000000","volume_30d":"5302924.07989298","best_bid":"116.61","best_ask":"116.63","side":"buy","time":"2018-11-29T13:08:37.533000Z","trade_id":42533543,"last_size":"0.06857614"}
2018-11-29 21:08:37 DEBUG c.q.m.s.w.b.BitstampWebsocketClientHandler 44 onReceive - Bitstamp交易所收到订阅消息:{"event":"trade","data":"{\"amount\": 9444.9580000000005, \"buy_order_id\": 2466950626, \"sell_order_id\": 2466949888, \"amount_str\": \"9444.95800000\", \"price_str\": \"0.32543\", \"timestamp\": \"1543496917\", \"price\": 0.32543, \"type\": 0, \"id\": 78657136}","channel":"live_trades_xrpeur"}
2018-11-29 21:08:37 DEBUG c.q.m.s.w.b.BitstampWebsocketClientHandler 44 onReceive - Bitstamp交易所收到订阅消息:{"event":"trade","data":"{\"amount\": 0.01404467, \"buy_order_id\": 2466950056, \"sell_order_id\": 2466950628, \"amount_str\": \"0.01404467\", \"price_str\": \"3719.56\", \"timestamp\": \"1543496917\", \"price\": 3719.5599999999999, \"type\": 1, \"id\": 78657137}","channel":"live_trades_btceur"}
2018-11-29 21:08:37 DEBUG c.q.m.s.w.b.BitstampWebsocketClientHandler 44 onReceive - Bitstamp交易所收到订阅消息:{"event":"trade","data":"{\"amount\": 0.049291300000000003, \"buy_order_id\": 2466950586, \"sell_order_id\": 2466950628, \"amount_str\": \"0.04929130\", \"price_str\": \"3714.19\", \"timestamp\": \"1543496917\", \"price\": 3714.1900000000001, \"type\": 1, \"id\": 78657138}","channel":"live_trades_btceur"}
2018-11-29 21:08:37 DEBUG c.q.m.s.w.b.BitstampWebsocketClientHandler 44 onReceive - Bitstamp交易所收到订阅消息:{"event":"trade","data":"{\"amount\": 0.023922349999999998, \"buy_order_id\": 2466950586, \"sell_order_id\": 2466950631, \"amount_str\": \"0.02392235\", \"price_str\": \"3714.19\", \"timestamp\": \"1543496917\", \"price\": 3714.1900000000001, \"type\": 1, \"id\": 78657139}","channel":"live_trades_btceur"}
2018-11-29 21:08:38 DEBUG c.q.m.s.w.b.BitstampWebsocketClientHandler 44 onReceive - Bitstamp交易所收到订阅消息:{"event":"trade","data":"{\"amount\": 6.6610000000000001e-05, \"buy_order_id\": 2466950661, \"sell_order_id\": 2466950064, \"amount_str\": \"0.00006661\", \"price_str\": \"116.59\", \"timestamp\": \"1543496918\", \"price\": 116.59, \"type\": 0, \"id\": 78657140}","channel":"live_trades_ethusd"}
2018-11-29 21:08:38 DEBUG c.q.m.s.w.b.BitstampWebsocketClientHandler 44 onReceive - Bitstamp交易所收到订阅消息:{"event":"trade","data":"{\"amount\": 7.9999333899999998, \"buy_order_id\": 2466950661, \"sell_order_id\": 2466949740, \"amount_str\": \"7.99993339\", \"price_str\": \"116.64\", \"timestamp\": \"1543496918\", \"price\": 116.64, \"type\": 0, \"id\": 78657141}","channel":"live_trades_ethusd"}
2018-11-29 21:08:38 DEBUG c.q.m.s.w.c.CoinbaseWebsocketClientHandler 37 onReceive - Coinbase交易所收到订阅消息:{"type":"ticker","sequence":1613813037,"product_id":"ETH-EUR","price":"102.84000000","open_24h":"102.63000000","volume_24h":"47062.50954956","low_24h":"101.34000000","high_24h":"111.24000000","volume_30d":"691889.22467954","best_bid":"102.83","best_ask":"102.86","side":"sell","time":"2018-11-29T13:08:38.708000Z","trade_id":5373586,"last_size":"12.00800000"}
2018-11-29 21:08:38 DEBUG c.q.m.s.w.c.CoinbaseWebsocketClientHandler 37 onReceive - Coinbase交易所收到订阅消息:{"type":"ticker","sequence":1613813039,"product_id":"ETH-EUR","price":"102.83000000","open_24h":"102.63000000","volume_24h":"47066.50954956","low_24h":"101.34000000","high_24h":"111.24000000","volume_30d":"691893.22467954","best_bid":"102.83","best_ask":"102.86","side":"sell","time":"2018-11-29T13:08:38.708000Z","trade_id":5373587,"last_size":"4.00000000"}
2018-11-29 21:08:38 DEBUG c.q.m.s.w.c.CoinbaseWebsocketClientHandler 37 onReceive - Coinbase交易所收到订阅消息:{"type":"ticker","sequence":1613813043,"product_id":"ETH-EUR","price":"102.82000000","open_24h":"102.63000000","volume_24h":"47067.41678829","low_24h":"101.34000000","high_24h":"111.24000000","volume_30d":"691894.13191827","best_bid":"102.82","best_ask":"102.86","side":"sell","time":"2018-11-29T13:08:38.708000Z","trade_id":5373589,"last_size":"0.90723873"}
2018-11-29 21:08:38 DEBUG c.q.m.s.w.b.BitstampWebsocketClientHandler 44 onReceive - Bitstamp交易所收到订阅消息:{"event":"trade","data":"{\"amount\": 1.0, \"buy_order_id\": 2466950143, \"sell_order_id\": 2466950687, \"amount_str\": \"1.00000000\", \"price_str\": \"116.58\", \"timestamp\": \"1543496918\", \"price\": 116.58, \"type\": 1, \"id\": 78657142}","channel":"live_trades_ethusd"}
2018-11-29 21:08:39 DEBUG c.q.m.s.w.b.BitstampWebsocketClientHandler 44 onReceive - Bitstamp交易所收到订阅消息:{"event":"trade","data":"{\"amount\": 0.03714816, \"buy_order_id\": 2466950878, \"sell_order_id\": 2466950756, \"amount_str\": \"0.03714816\", \"price_str\": \"3726.19\", \"timestamp\": \"1543496919\", \"price\": 3726.1900000000001, \"type\": 0, \"id\": 78657144}","channel":"live_trades_btceur"}
2018-11-29 21:08:40 DEBUG c.q.m.s.w.b.BitstampWebsocketClientHandler 44 onReceive - Bitstamp交易所收到订阅消息:{"event":"trade","data":"{\"amount\": 8.0, \"buy_order_id\": 2466950883, \"sell_order_id\": 2466950899, \"amount_str\": \"8.00000000\", \"price_str\": \"116.65\", \"timestamp\": \"1543496920\", \"price\": 116.65000000000001, \"type\": 1, \"id\": 78657145}","channel":"live_trades_ethusd"}
2018-11-29 21:08:40 DEBUG c.q.m.s.w.b.BitstampWebsocketClientHandler 44 onReceive - Bitstamp交易所收到订阅消息:{"event":"trade","data":"{\"amount\": 77.635260000000002, \"buy_order_id\": 2466950929, \"sell_order_id\": 2466949888, \"amount_str\": \"77.63526000\", \"price_str\": \"0.32543\", \"timestamp\": \"1543496920\", \"price\": 0.32543, \"type\": 0, \"id\": 78657146}","channel":"live_trades_xrpeur"}
2018-11-29 21:08:40 DEBUG c.q.m.s.w.b.BitstampWebsocketClientHandler 44 onReceive - Bitstamp交易所收到订阅消息:{"event":"trade","data":"{\"amount\": 423.98748998000002, \"buy_order_id\": 2466950534, \"sell_order_id\": 2466950931, \"amount_str\": \"423.98748998\", \"price_str\": \"0.00008765\", \"timestamp\": \"1543496920\", \"price\": 8.7650000000000003e-05, \"type\": 1, \"id\": 78657147}","channel":"live_trades_xrpbtc"}
2018-11-29 21:08:40 DEBUG c.q.m.s.w.b.BitstampWebsocketClientHandler 44 onReceive - Bitstamp交易所收到订阅消息:{"event":"trade","data":"{\"amount\": 4866.24586404, \"buy_order_id\": 2466950941, \"sell_order_id\": 2466950901, \"amount_str\": \"4866.24586404\", \"price_str\": \"0.37053\", \"timestamp\": \"1543496920\", \"price\": 0.37053000000000003, \"type\": 0, \"id\": 78657149}","channel":"live_trades_xrpusd"}
2018-11-29 21:08:40 DEBUG c.q.m.s.w.b.BitstampWebsocketClientHandler 44 onReceive - Bitstamp交易所收到订阅消息:{"event":"trade","data":"{\"amount\": 423.98748998000002, \"buy_order_id\": 2466950944, \"sell_order_id\": 2466949888, \"amount_str\": \"423.98748998\", \"price_str\": \"0.32543\", \"timestamp\": \"1543496920\", \"price\": 0.32543, \"type\": 0, \"id\": 78657150}","channel":"live_trades_xrpeur"}
2018-11-29 21:08:41 DEBUG c.q.m.s.w.b.BitstampWebsocketClientHandler 44 onReceive - Bitstamp交易所收到订阅消息:{"event":"trade","data":"{\"amount\": 1584.5069800000001, \"buy_order_id\": 2466951000, \"sell_order_id\": 2466950910, \"amount_str\": \"1584.50698\", \"price_str\": \"1.13611\", \"timestamp\": \"1543496921\", \"price\": 1.13611, \"type\": 0, \"id\": 78657152}","channel":"live_trades_eurusd"}
2018-11-29 21:08:41 DEBUG c.q.m.s.w.b.BitstampWebsocketClientHandler 44 onReceive - Bitstamp交易所收到订阅消息:{"event":"trade","data":"{\"amount\": 4866.5057923300001, \"buy_order_id\": 2466950999, \"sell_order_id\": 2466949888, \"amount_str\": \"4866.50579233\", \"price_str\": \"0.32543\", \"timestamp\": \"1543496921\", \"price\": 0.32543, \"type\": 0, \"id\": 78657153}","channel":"live_trades_xrpeur"}
2018-11-29 21:08:41 DEBUG c.q.m.s.w.b.BitstampWebsocketClientHandler 44 onReceive - Bitstamp交易所收到订阅消息:{"event":"trade","data":"{\"amount\": 0.040153609999999999, \"buy_order_id\": 2466951092, \"sell_order_id\": 2466950756, \"amount_str\": \"0.04015361\", \"price_str\": \"3726.19\", \"timestamp\": \"1543496921\", \"price\": 3726.1900000000001, \"type\": 0, \"id\": 78657155}","channel":"live_trades_btceur"}
2018-11-29 21:08:42 DEBUG c.q.m.s.w.b.BitstampWebsocketClientHandler 44 onReceive - Bitstamp交易所收到订阅消息:{"event":"trade","data":"{\"amount\": 458.28994807999999, \"buy_order_id\": 2466951132, \"sell_order_id\": 2466951173, \"amount_str\": \"458.28994808\", \"price_str\": \"0.00008766\", \"timestamp\": \"1543496922\", \"price\": 8.7659999999999998e-05, \"type\": 1, \"id\": 78657156}","channel":"live_trades_xrpbtc"}
2018-11-29 21:08:42 DEBUG c.q.m.s.w.b.BitstampWebsocketClientHandler 44 onReceive - Bitstamp交易所收到订阅消息:{"event":"trade","data":"{\"amount\": 458.28994807999999, \"buy_order_id\": 2466951188, \"sell_order_id\": 2466949888, \"amount_str\": \"458.28994808\", \"price_str\": \"0.32543\", \"timestamp\": \"1543496922\", \"price\": 0.32543, \"type\": 0, \"id\": 78657157}","channel":"live_trades_xrpeur"}
2018-11-29 21:08:42 DEBUG c.q.m.s.w.c.CoinbaseWebsocketClientHandler 37 onReceive - Coinbase交易所收到订阅消息:{"type":"ticker","sequence":5866888827,"product_id":"ETH-USD","price":"116.63000000","open_24h":"115.72000000","volume_24h":"316701.27591054","low_24h":"114.60000000","high_24h":"126.46000000","volume_30d":"5302924.07996684","best_bid":"116.62","best_ask":"116.78","side":"buy","time":"2018-11-29T13:08:42.848000Z","trade_id":42533544,"last_size":"0.00007386"}
2018-11-29 21:08:42 DEBUG c.q.m.s.w.c.CoinbaseWebsocketClientHandler 37 onReceive - Coinbase交易所收到订阅消息:{"type":"ticker","sequence":5866888831,"product_id":"ETH-USD","price":"116.78000000","open_24h":"115.72000000","volume_24h":"316702.23959685","low_24h":"114.60000000","high_24h":"126.46000000","volume_30d":"5302925.04365315","best_bid":"116.62","best_ask":"116.78","side":"buy","time":"2018-11-29T13:08:42.848000Z","trade_id":42533546,"last_size":"0.96368631"}
2018-11-29 21:08:42 DEBUG c.q.m.s.w.b.BitstampWebsocketClientHandler 44 onReceive - Bitstamp交易所收到订阅消息:{"event":"trade","data":"{\"amount\": 1.28, \"buy_order_id\": 2466951239, \"sell_order_id\": 2466950934, \"amount_str\": \"1.28000000\", \"price_str\": \"33.62\", \"timestamp\": \"1543496922\", \"price\": 33.619999999999997, \"type\": 0, \"id\": 78657158}","channel":"live_trades_ltcusd"}
2018-11-29 21:08:43 DEBUG c.q.m.s.w.b.BitstampWebsocketClientHandler 44 onReceive - Bitstamp交易所收到订阅消息:{"event":"trade","data":"{\"amount\": 3581.6632443499998, \"buy_order_id\": 2466951236, \"sell_order_id\": 2466951240, \"amount_str\": \"3581.66324435\", \"price_str\": \"0.00008766\", \"timestamp\": \"1543496923\", \"price\": 8.7659999999999998e-05, \"type\": 1, \"id\": 78657159}","channel":"live_trades_xrpbtc"}
2018-11-29 21:08:43 DEBUG c.q.m.s.w.b.BitstampWebsocketClientHandler 44 onReceive - Bitstamp交易所收到订阅消息:{"event":"trade","data":"{\"amount\": 5.57118, \"buy_order_id\": 2466951239, \"sell_order_id\": 2466948844, \"amount_str\": \"5.57118000\", \"price_str\": \"33.63\", \"timestamp\": \"1543496923\", \"price\": 33.630000000000003, \"type\": 0, \"id\": 78657160}","channel":"live_trades_ltcusd"}
2018-11-29 21:08:43 DEBUG c.q.m.s.w.b.BitstampWebsocketClientHandler 44 onReceive - Bitstamp交易所收到订阅消息:{"event":"trade","data":"{\"amount\": 12.799530900000001, \"buy_order_id\": 2466951239, \"sell_order_id\": 2466950844, \"amount_str\": \"12.79953090\", \"price_str\": \"33.64\", \"timestamp\": \"1543496923\", \"price\": 33.640000000000001, \"type\": 0, \"id\": 78657162}","channel":"live_trades_ltcusd"}
2018-11-29 21:08:43 DEBUG c.q.m.s.w.b.BitstampWebsocketClientHandler 44 onReceive - Bitstamp交易所收到订阅消息:{"event":"trade","data":"{\"amount\": 20000.0, \"buy_order_id\": 2466951277, \"sell_order_id\": 2466951228, \"amount_str\": \"20000.00000000\", \"price_str\": \"0.37016\", \"timestamp\": \"1543496923\", \"price\": 0.37015999999999999, \"type\": 0, \"id\": 78657163}","channel":"live_trades_xrpusd"}
2018-11-29 21:08:43 DEBUG c.q.m.s.w.b.BitstampWebsocketClientHandler 44 onReceive - Bitstamp交易所收到订阅消息:{"event":"trade","data":"{\"amount\": 21.564932890000001, \"buy_order_id\": 2466951282, \"sell_order_id\": 2466949888, \"amount_str\": \"21.56493289\", \"price_str\": \"0.32543\", \"timestamp\": \"1543496923\", \"price\": 0.32543, \"type\": 0, \"id\": 78657164}","channel":"live_trades_xrpeur"}
2018-11-29 21:08:43 DEBUG c.q.m.s.w.b.BitstampWebsocketClientHandler 44 onReceive - Bitstamp交易所收到订阅消息:{"event":"trade","data":"{\"amount\": 4999.9994999999999, \"buy_order_id\": 2466951277, \"sell_order_id\": 2466951166, \"amount_str\": \"4999.99950000\", \"price_str\": \"0.37029\", \"timestamp\": \"1543496923\", \"price\": 0.37029000000000001, \"type\": 0, \"id\": 78657165}","channel":"live_trades_xrpusd"}
2018-11-29 21:08:43 DEBUG c.q.m.s.w.b.BitstampWebsocketClientHandler 44 onReceive - Bitstamp交易所收到订阅消息:{"event":"trade","data":"{\"amount\": 6.0819999999999997e-05, \"buy_order_id\": 2460786900, \"sell_order_id\": 2466951318, \"amount_str\": \"0.00006082\", \"price_str\": \"179.50\", \"timestamp\": \"1543496923\", \"price\": 179.5, \"type\": 1, \"id\": 78657166}","channel":"live_trades_bchusd"}
2018-11-29 21:08:43 DEBUG c.q.m.s.w.b.BitstampWebsocketClientHandler 44 onReceive - Bitstamp交易所收到订阅消息:{"event":"trade","data":"{\"amount\": 226.0, \"buy_order_id\": 2466951352, \"sell_order_id\": 2466949888, \"amount_str\": \"226.00000000\", \"price_str\": \"0.32543\", \"timestamp\": \"1543496923\", \"price\": 0.32543, \"type\": 0, \"id\": 78657167}","channel":"live_trades_xrpeur"}
2018-11-29 21:08:44 DEBUG c.q.m.s.w.b.BitstampWebsocketClientHandler 44 onReceive - Bitstamp交易所收到订阅消息:{"event":"trade","data":"{\"amount\": 1111.46288966, \"buy_order_id\": 2466951359, \"sell_order_id\": 2466949888, \"amount_str\": \"1111.46288966\", \"price_str\": \"0.32543\", \"timestamp\": \"1543496924\", \"price\": 0.32543, \"type\": 0, \"id\": 78657168}","channel":"live_trades_xrpeur"}
2018-11-29 21:08:44 DEBUG c.q.m.s.w.b.BitstampWebsocketClientHandler 44 onReceive - Bitstamp交易所收到订阅消息:{"event":"trade","data":"{\"amount\": 20.600000000000001, \"buy_order_id\": 2466951393, \"sell_order_id\": 2466951256, \"amount_str\": \"20.60000000\", \"price_str\": \"33.61\", \"timestamp\": \"1543496924\", \"price\": 33.609999999999999, \"type\": 0, \"id\": 78657169}","channel":"live_trades_ltcusd"}
2018-11-29 21:08:44 DEBUG c.q.m.s.w.b.BitstampWebsocketClientHandler 44 onReceive - Bitstamp交易所收到订阅消息:{"event":"trade","data":"{\"amount\": 15000.0, \"buy_order_id\": 2466951364, \"sell_order_id\": 2466951392, \"amount_str\": \"15000.00000000\", \"price_str\": \"0.37058\", \"timestamp\": \"1543496924\", \"price\": 0.37058000000000002, \"type\": 1, \"id\": 78657170}","channel":"live_trades_xrpusd"}
2018-11-29 21:08:44 DEBUG c.q.m.s.w.b.BitstampWebsocketClientHandler 44 onReceive - Bitstamp交易所收到订阅消息:{"event":"trade","data":"{\"amount\": 2395.3798768000001, \"buy_order_id\": 2466951236, \"sell_order_id\": 2466951442, \"amount_str\": \"2395.37987680\", \"price_str\": \"0.00008766\", \"timestamp\": \"1543496924\", \"price\": 8.7659999999999998e-05, \"type\": 1, \"id\": 78657172}","channel":"live_trades_xrpbtc"}
2018-11-29 21:08:44 DEBUG c.q.m.s.w.b.BitstampWebsocketClientHandler 44 onReceive - Bitstamp交易所收到订阅消息:{"event":"trade","data":"{\"amount\": 3357.32969, \"buy_order_id\": 2466951465, \"sell_order_id\": 2466951392, \"amount_str\": \"3357.32969000\", \"price_str\": \"0.37052\", \"timestamp\": \"1543496924\", \"price\": 0.37052000000000002, \"type\": 0, \"id\": 78657173}","channel":"live_trades_xrpusd"}
2018-11-29 21:08:44 DEBUG c.q.m.s.w.b.BitstampWebsocketClientHandler 44 onReceive - Bitstamp交易所收到订阅消息:{"event":"trade","data":"{\"amount\": 0.0018873900000000001, \"buy_order_id\": 2466950945, \"sell_order_id\": 2466951472, \"amount_str\": \"0.00188739\", \"price_str\": \"3722.28\", \"timestamp\": \"1543496924\", \"price\": 3722.2800000000002, \"type\": 1, \"id\": 78657174}","channel":"live_trades_btceur"}
2018-11-29 21:08:45 DEBUG c.q.m.s.w.b.BitstampWebsocketClientHandler 44 onReceive - Bitstamp交易所收到订阅消息:{"event":"trade","data":"{\"amount\": 0.055921029999999997, \"buy_order_id\": 2466951381, \"sell_order_id\": 2466951318, \"amount_str\": \"0.05592103\", \"price_str\": \"179.09\", \"timestamp\": \"1543496925\", \"price\": 179.09, \"type\": 0, \"id\": 78657175}","channel":"live_trades_bchusd"}
2018-11-29 21:08:45 DEBUG c.q.m.s.w.b.BitstampWebsocketClientHandler 44 onReceive - Bitstamp交易所收到订阅消息:{"event":"trade","data":"{\"amount\": 0.34401815000000002, \"buy_order_id\": 2466951508, \"sell_order_id\": 2466951318, \"amount_str\": \"0.34401815\", \"price_str\": \"179.08\", \"timestamp\": \"1543496925\", \"price\": 179.08000000000001, \"type\": 0, \"id\": 78657176}","channel":"live_trades_bchusd"}
2018-11-29 21:08:45 DEBUG c.q.m.s.w.b.BitstampWebsocketClientHandler 44 onReceive - Bitstamp交易所收到订阅消息:{"event":"trade","data":"{\"amount\": 4.8348000000000004, \"buy_order_id\": 2466951508, \"sell_order_id\": 2466951542, \"amount_str\": \"4.83480000\", \"price_str\": \"179.53\", \"timestamp\": \"1543496925\", \"price\": 179.53, \"type\": 1, \"id\": 78657177}","channel":"live_trades_bchusd"}
2018-11-29 21:08:45 DEBUG c.q.m.s.w.b.BitstampWebsocketClientHandler 44 onReceive - Bitstamp交易所收到订阅消息:{"event":"trade","data":"{\"amount\": 0.0069781399999999999, \"buy_order_id\": 2466950945, \"sell_order_id\": 2466951554, \"amount_str\": \"0.00697814\", \"price_str\": \"3722.28\", \"timestamp\": \"1543496925\", \"price\": 3722.2800000000002, \"type\": 1, \"id\": 78657178}","channel":"live_trades_btceur"}
2018-11-29 21:08:45 DEBUG c.q.m.s.w.b.BitstampWebsocketClientHandler 44 onReceive - Bitstamp交易所收到订阅消息:{"event":"trade","data":"{\"amount\": 0.090193869999999995, \"buy_order_id\": 2466951444, \"sell_order_id\": 2466951554, \"amount_str\": \"0.09019387\", \"price_str\": \"3718.32\", \"timestamp\": \"1543496925\", \"price\": 3718.3200000000002, \"type\": 1, \"id\": 78657179}","channel":"live_trades_btceur"}
2018-11-29 21:08:45 DEBUG c.q.m.s.w.b.BitstampWebsocketClientHandler 44 onReceive - Bitstamp交易所收到订阅消息:{"event":"trade","data":"{\"amount\": 8000.0, \"buy_order_id\": 2466951511, \"sell_order_id\": 2466951592, \"amount_str\": \"8000.00000000\", \"price_str\": \"0.37008\", \"timestamp\": \"1543496925\", \"price\": 0.37008000000000002, \"type\": 1, \"id\": 78657180}","channel":"live_trades_xrpusd"}
2018-11-29 21:08:45 DEBUG c.q.m.s.w.b.BitstampWebsocketClientHandler 44 onReceive - Bitstamp交易所收到订阅消息:{"event":"trade","data":"{\"amount\": 0.01975853, \"buy_order_id\": 2466951194, \"sell_order_id\": 2466951555, \"amount_str\": \"0.01975853\", \"price_str\": \"3718.28\", \"timestamp\": \"1543496925\", \"price\": 3718.2800000000002, \"type\": 1, \"id\": 78657181}","channel":"live_trades_btceur"}
2018-11-29 21:08:45 DEBUG c.q.m.s.w.b.BitstampWebsocketClientHandler 44 onReceive - Bitstamp交易所收到订阅消息:{"event":"trade","data":"{\"amount\": 0.081477460000000002, \"buy_order_id\": 2466951590, \"sell_order_id\": 2466951579, \"amount_str\": \"0.08147746\", \"price_str\": \"180.37\", \"timestamp\": \"1543496925\", \"price\": 180.37, \"type\": 0, \"id\": 78657182}","channel":"live_trades_bchusd"}
2018-11-29 21:08:46 DEBUG c.q.m.s.w.b.BitstampWebsocketClientHandler 44 onReceive - Bitstamp交易所收到订阅消息:{"event":"trade","data":"{\"amount\": 0.023903710000000002, \"buy_order_id\": 2466951194, \"sell_order_id\": 2466951576, \"amount_str\": \"0.02390371\", \"price_str\": \"3718.28\", \"timestamp\": \"1543496926\", \"price\": 3718.2800000000002, \"type\": 1, \"id\": 78657183}","channel":"live_trades_btceur"}
2018-11-29 21:08:46 DEBUG c.q.m.s.w.b.BitstampWebsocketClientHandler 44 onReceive - Bitstamp交易所收到订阅消息:{"event":"trade","data":"{\"amount\": 0.023903710000000002, \"buy_order_id\": 2466951194, \"sell_order_id\": 2466951578, \"amount_str\": \"0.02390371\", \"price_str\": \"3718.28\", \"timestamp\": \"1543496926\", \"price\": 3718.2800000000002, \"type\": 1, \"id\": 78657184}","channel":"live_trades_btceur"}
2018-11-29 21:08:46 DEBUG c.q.m.s.w.b.BitstampWebsocketClientHandler 44 onReceive - Bitstamp交易所收到订阅消息:{"event":"trade","data":"{\"amount\": 0.023929430000000002, \"buy_order_id\": 2466951582, \"sell_order_id\": 2466951680, \"amount_str\": \"0.02392943\", \"price_str\": \"3718.33\", \"timestamp\": \"1543496926\", \"price\": 3718.3299999999999, \"type\": 1, \"id\": 78657185}","channel":"live_trades_btceur"}
2018-11-29 21:08:46 DEBUG c.q.m.s.w.b.BitstampWebsocketClientHandler 44 onReceive - Bitstamp交易所收到订阅消息:{"event":"trade","data":"{\"amount\": 0.037469280000000001, \"buy_order_id\": 2466951690, \"sell_order_id\": 2466951659, \"amount_str\": \"0.03746928\", \"price_str\": \"180.37\", \"timestamp\": \"1543496926\", \"price\": 180.37, \"type\": 0, \"id\": 78657186}","channel":"live_trades_bchusd"}
2018-11-29 21:08:47 DEBUG c.q.m.s.w.b.BitstampWebsocketClientHandler 44 onReceive - Bitstamp交易所收到订阅消息:{"event":"trade","data":"{\"amount\": 821.0, \"buy_order_id\": 2466951748, \"sell_order_id\": 2466951771, \"amount_str\": \"821.00000000\", \"price_str\": \"0.32541\", \"timestamp\": \"1543496927\", \"price\": 0.32540999999999998, \"type\": 1, \"id\": 78657187}","channel":"live_trades_xrpeur"}
2018-11-29 21:08:47 DEBUG c.q.m.s.w.b.BitstampWebsocketClientHandler 44 onReceive - Bitstamp交易所收到订阅消息:{"event":"trade","data":"{\"amount\": 10809.0, \"buy_order_id\": 2466951788, \"sell_order_id\": 2466951800, \"amount_str\": \"10809.00000000\", \"price_str\": \"0.37151\", \"timestamp\": \"1543496927\", \"price\": 0.37151000000000001, \"type\": 1, \"id\": 78657188}","channel":"live_trades_xrpusd"}
2018-11-29 21:08:48 DEBUG c.q.m.s.w.c.CoinbaseWebsocketClientHandler 37 onReceive - Coinbase交易所收到订阅消息:{"type":"ticker","sequence":5866889486,"product_id":"ETH-USD","price":"116.79000000","open_24h":"115.72000000","volume_24h":"316702.24959685","low_24h":"114.60000000","high_24h":"126.46000000","volume_30d":"5302925.05365315","best_bid":"116.78","best_ask":"116.79","side":"buy","time":"2018-11-29T13:08:48.379000Z","trade_id":42533547,"last_size":"0.01000000"}
2018-11-29 21:08:48 DEBUG c.q.m.s.w.c.CoinbaseWebsocketClientHandler 37 onReceive - Coinbase交易所收到订阅消息:{"type":"ticker","sequence":5866889488,"product_id":"ETH-USD","price":"116.79000000","open_24h":"115.72000000","volume_24h":"316777.24959685","low_24h":"114.60000000","high_24h":"126.46000000","volume_30d":"5303000.05365315","best_bid":"116.78","best_ask":"116.94","side":"buy","time":"2018-11-29T13:08:48.379000Z","trade_id":42533548,"last_size":"75.00000000"}
2018-11-29 21:08:49 DEBUG c.q.m.s.w.b.BitstampWebsocketClientHandler 44 onReceive - Bitstamp交易所收到订阅消息:{"event":"trade","data":"{\"amount\": 8.0, \"buy_order_id\": 2466951945, \"sell_order_id\": 2466951031, \"amount_str\": \"8.00000000\", \"price_str\": \"116.81\", \"timestamp\": \"1543496929\", \"price\": 116.81, \"type\": 0, \"id\": 78657189}","channel":"live_trades_ethusd"}
2018-11-29 21:08:49 DEBUG c.q.m.s.w.b.BitstampWebsocketClientHandler 44 onReceive - Bitstamp交易所收到订阅消息:{"event":"trade","data":"{\"amount\": 20.0, \"buy_order_id\": 2466951975, \"sell_order_id\": 2466951936, \"amount_str\": \"20.00000000\", \"price_str\": \"0.37000\", \"timestamp\": \"1543496929\", \"price\": 0.37, \"type\": 0, \"id\": 78657190}","channel":"live_trades_xrpusd"}
2018-11-29 21:08:49 DEBUG c.q.m.s.w.c.CoinbaseWebsocketClientHandler 37 onReceive - Coinbase交易所收到订阅消息:{"type":"ticker","sequence":1613813847,"product_id":"ETH-EUR","price":"102.90000000","open_24h":"102.63000000","volume_24h":"47069.74151065","low_24h":"101.34000000","high_24h":"111.24000000","volume_30d":"691896.45664063","best_bid":"102.89","best_ask":"102.9","side":"buy","time":"2018-11-29T13:08:49.746000Z","trade_id":5373590,"last_size":"2.32472236"}
2018-11-29 21:08:49 DEBUG c.q.m.s.w.c.CoinbaseWebsocketClientHandler 37 onReceive - Coinbase交易所收到订阅消息:{"type":"ticker","sequence":1613813860,"product_id":"ETH-EUR","price":"102.90000000","open_24h":"102.63000000","volume_24h":"47069.81678829","low_24h":"101.34000000","high_24h":"111.24000000","volume_30d":"691896.53191827","best_bid":"102.89","best_ask":"102.9","side":"buy","time":"2018-11-29T13:08:49.965000Z","trade_id":5373591,"last_size":"0.07527764"}
2018-11-29 21:08:49 DEBUG c.q.m.s.w.c.CoinbaseWebsocketClientHandler 37 onReceive - Coinbase交易所收到订阅消息:{"type":"ticker","sequence":1613813862,"product_id":"ETH-EUR","price":"102.90000000","open_24h":"102.63000000","volume_24h":"47074.61678829","low_24h":"101.34000000","high_24h":"111.24000000","volume_30d":"691901.33191827","best_bid":"102.89","best_ask":"102.92","side":"buy","time":"2018-11-29T13:08:49.965000Z","trade_id":5373592,"last_size":"4.80000000"}
2018-11-29 21:08:49 DEBUG c.q.m.s.w.c.CoinbaseWebsocketClientHandler 37 onReceive - Coinbase交易所收到订阅消息:{"type":"ticker","sequence":1613813864,"product_id":"ETH-EUR","price":"102.92000000","open_24h":"102.63000000","volume_24h":"47079.99163666","low_24h":"101.34000000","high_24h":"111.24000000","volume_30d":"691906.70676664","best_bid":"102.89","best_ask":"102.92","side":"buy","time":"2018-11-29T13:08:49.965000Z","trade_id":5373593,"last_size":"5.37484837"}
2018-11-29 21:08:50 DEBUG c.q.m.s.w.c.CoinbaseWebsocketClientHandler 37 onReceive - Coinbase交易所收到订阅消息:{"type":"ticker","sequence":5866889994,"product_id":"ETH-USD","price":"116.95000000","open_24h":"115.72000000","volume_24h":"316778.28918398","low_24h":"114.60000000","high_24h":"126.46000000","volume_30d":"5303001.09324028","best_bid":"116.93","best_ask":"116.95","side":"buy","time":"2018-11-29T13:08:50.904000Z","trade_id":42533549,"last_size":"1.03958713"}
2018-11-29 21:08:50 DEBUG c.q.m.s.w.b.BitstampWebsocketClientHandler 44 onReceive - Bitstamp交易所收到订阅消息:{"event":"trade","data":"{\"amount\": 4.9400000000000004, \"buy_order_id\": 2466952095, \"sell_order_id\": 2466952125, \"amount_str\": \"4.94000000\", \"price_str\": \"116.88\", \"timestamp\": \"1543496930\", \"price\": 116.88, \"type\": 1, \"id\": 78657191}","channel":"live_trades_ethusd"}
2018-11-29 21:08:51 DEBUG c.q.m.s.w.b.BitstampWebsocketClientHandler 44 onReceive - Bitstamp交易所收到订阅消息:{"event":"trade","data":"{\"amount\": 6087.2257985699998, \"buy_order_id\": 2466952220, \"sell_order_id\": 2466952183, \"amount_str\": \"6087.22579857\", \"price_str\": \"0.32777\", \"timestamp\": \"1543496931\", \"price\": 0.32777000000000001, \"type\": 0, \"id\": 78657192}","channel":"live_trades_xrpeur"}
2018-11-29 21:08:52 DEBUG c.q.m.s.w.b.BitstampWebsocketClientHandler 44 onReceive - Bitstamp交易所收到订阅消息:{"event":"trade","data":"{\"amount\": 25.0, \"buy_order_id\": 2466952323, \"sell_order_id\": 2466952032, \"amount_str\": \"25.00000000\", \"price_str\": \"0.37117\", \"timestamp\": \"1543496932\", \"price\": 0.37117, \"type\": 0, \"id\": 78657193}","channel":"live_trades_xrpusd"}
2018-11-29 21:08:52 DEBUG c.q.m.s.w.b.BitstampWebsocketClientHandler 44 onReceive - Bitstamp交易所收到订阅消息:{"event":"trade","data":"{\"amount\": 3357.3411299999998, \"buy_order_id\": 2466952323, \"sell_order_id\": 2466952289, \"amount_str\": \"3357.34113000\", \"price_str\": \"0.37157\", \"timestamp\": \"1543496932\", \"price\": 0.37157000000000001, \"type\": 0, \"id\": 78657194}","channel":"live_trades_xrpusd"}
2018-11-29 21:08:52 DEBUG c.q.m.s.w.b.BitstampWebsocketClientHandler 44 onReceive - Bitstamp交易所收到订阅消息:{"event":"trade","data":"{\"amount\": 4999.6588700000002, \"buy_order_id\": 2466952323, \"sell_order_id\": 2466951574, \"amount_str\": \"4999.65887000\", \"price_str\": \"0.37159\", \"timestamp\": \"1543496932\", \"price\": 0.37158999999999998, \"type\": 0, \"id\": 78657195}","channel":"live_trades_xrpusd"}
2018-11-29 21:08:53 DEBUG c.q.m.s.w.b.BitstampWebsocketClientHandler 44 onReceive - Bitstamp交易所收到订阅消息:{"event":"trade","data":"{\"amount\": 5.0599999999999996, \"buy_order_id\": 2466952207, \"sell_order_id\": 2466952413, \"amount_str\": \"5.06000000\", \"price_str\": \"116.86\", \"timestamp\": \"1543496933\", \"price\": 116.86, \"type\": 1, \"id\": 78657196}","channel":"live_trades_ethusd"}
2018-11-29 21:08:53 DEBUG c.q.m.s.w.b.BitstampWebsocketClientHandler 44 onReceive - Bitstamp交易所收到订阅消息:{"event":"trade","data":"{\"amount\": 15.0, \"buy_order_id\": 2466952354, \"sell_order_id\": 2466952413, \"amount_str\": \"15.00000000\", \"price_str\": \"116.86\", \"timestamp\": \"1543496933\", \"price\": 116.86, \"type\": 1, \"id\": 78657197}","channel":"live_trades_ethusd"}
2018-11-29 21:08:53 DEBUG c.q.m.s.w.b.BitstampWebsocketClientHandler 44 onReceive - Bitstamp交易所收到订阅消息:{"event":"trade","data":"{\"amount\": 4.9400000000000004, \"buy_order_id\": 2466952450, \"sell_order_id\": 2466952453, \"amount_str\": \"4.94000000\", \"price_str\": \"116.86\", \"timestamp\": \"1543496933\", \"price\": 116.86, \"type\": 1, \"id\": 78657198}","channel":"live_trades_ethusd"}
2018-11-29 21:08:54 DEBUG c.q.m.s.w.b.BitstampWebsocketClientHandler 44 onReceive - Bitstamp交易所收到订阅消息:{"event":"trade","data":"{\"amount\": 19.0, \"buy_order_id\": 2466952283, \"sell_order_id\": 2466952453, \"amount_str\": \"19.00000000\", \"price_str\": \"116.85\", \"timestamp\": \"1543496934\", \"price\": 116.84999999999999, \"type\": 1, \"id\": 78657199}","channel":"live_trades_ethusd"}
2018-11-29 21:08:54 DEBUG c.q.m.s.w.b.BitstampWebsocketClientHandler 44 onReceive - Bitstamp交易所收到订阅消息:{"event":"trade","data":"{\"amount\": 12.08936183, \"buy_order_id\": 2466952469, \"sell_order_id\": 2466952453, \"amount_str\": \"12.08936183\", \"price_str\": \"116.85\", \"timestamp\": \"1543496934\", \"price\": 116.84999999999999, \"type\": 0, \"id\": 78657200}","channel":"live_trades_ethusd"}
2018-11-29 21:08:54 DEBUG c.q.m.s.w.c.CoinbaseWebsocketClientHandler 37 onReceive - Coinbase交易所收到订阅消息:{"type":"ticker","sequence":1613814187,"product_id":"ETH-EUR","price":"102.92000000","open_24h":"102.63000000","volume_24h":"47080.99163666","low_24h":"101.34000000","high_24h":"111.24000000","volume_30d":"691907.70676664","best_bid":"102.91","best_ask":"102.92","side":"buy","time":"2018-11-29T13:08:54.938000Z","trade_id":5373594,"last_size":"1.00000000"}
2018-11-29 21:08:55 DEBUG c.q.m.s.w.c.CoinbaseWebsocketClientHandler 37 onReceive - Coinbase交易所收到订阅消息:{"type":"ticker","sequence":1613814218,"product_id":"ETH-EUR","price":"102.92000000","open_24h":"102.63000000","volume_24h":"47082.3539901","low_24h":"101.34000000","high_24h":"111.24000000","volume_30d":"691909.06912008","best_bid":"102.91","best_ask":"103.02","side":"buy","time":"2018-11-29T13:08:55.638000Z","trade_id":5373595,"last_size":"1.36235344"}
2018-11-29 21:08:56 DEBUG c.q.m.s.w.b.BitstampWebsocketClientHandler 44 onReceive - Bitstamp交易所收到订阅消息:{"event":"trade","data":"{\"amount\": 1.33974167, \"buy_order_id\": 2466952623, \"sell_order_id\": 2466952717, \"amount_str\": \"1.33974167\", \"price_str\": \"157.94\", \"timestamp\": \"1543496936\", \"price\": 157.94, \"type\": 1, \"id\": 78657201}","channel":"live_trades_bcheur"}
2018-11-29 21:08:56 DEBUG c.q.m.s.w.b.BitstampWebsocketClientHandler 44 onReceive - Bitstamp交易所收到订阅消息:{"event":"trade","data":"{\"amount\": 0.092948450000000002, \"buy_order_id\": 2466952545, \"sell_order_id\": 2466952717, \"amount_str\": \"0.09294845\", \"price_str\": \"157.93\", \"timestamp\": \"1543496936\", \"price\": 157.93000000000001, \"type\": 1, \"id\": 78657202}","channel":"live_trades_bcheur"}
2018-11-29 21:08:56 DEBUG c.q.m.s.w.b.BitstampWebsocketClientHandler 44 onReceive - Bitstamp交易所收到订阅消息:{"event":"trade","data":"{\"amount\": 0.28076000000000001, \"buy_order_id\": 2466952376, \"sell_order_id\": 2466952717, \"amount_str\": \"0.28076000\", \"price_str\": \"157.92\", \"timestamp\": \"1543496936\", \"price\": 157.91999999999999, \"type\": 1, \"id\": 78657203}","channel":"live_trades_bcheur"}
2018-11-29 21:08:56 DEBUG c.q.m.s.w.b.BitstampWebsocketClientHandler 44 onReceive - Bitstamp交易所收到订阅消息:{"event":"trade","data":"{\"amount\": 2.43572978, \"buy_order_id\": 2466952309, \"sell_order_id\": 2466952717, \"amount_str\": \"2.43572978\", \"price_str\": \"157.91\", \"timestamp\": \"1543496936\", \"price\": 157.91, \"type\": 1, \"id\": 78657204}","channel":"live_trades_bcheur"}
2018-11-29 21:08:56 DEBUG c.q.m.s.w.b.BitstampWebsocketClientHandler 44 onReceive - Bitstamp交易所收到订阅消息:{"event":"trade","data":"{\"amount\": 1.7134502199999999, \"buy_order_id\": 2466952309, \"sell_order_id\": 2466952721, \"amount_str\": \"1.71345022\", \"price_str\": \"157.91\", \"timestamp\": \"1543496936\", \"price\": 157.91, \"type\": 1, \"id\": 78657205}","channel":"live_trades_bcheur"}
2018-11-29 21:08:56 DEBUG c.q.m.s.w.b.BitstampWebsocketClientHandler 44 onReceive - Bitstamp交易所收到订阅消息:{"event":"trade","data":"{\"amount\": 0.39785206000000001, \"buy_order_id\": 2466951811, \"sell_order_id\": 2466952721, \"amount_str\": \"0.39785206\", \"price_str\": \"157.90\", \"timestamp\": \"1543496936\", \"price\": 157.90000000000001, \"type\": 1, \"id\": 78657206}","channel":"live_trades_bcheur"}
2018-11-29 21:08:56 DEBUG c.q.m.s.w.b.BitstampWebsocketClientHandler 44 onReceive - Bitstamp交易所收到订阅消息:{"event":"trade","data":"{\"amount\": 1.7136197500000001, \"buy_order_id\": 2466951811, \"sell_order_id\": 2466952731, \"amount_str\": \"1.71361975\", \"price_str\": \"157.90\", \"timestamp\": \"1543496936\", \"price\": 157.90000000000001, \"type\": 1, \"id\": 78657207}","channel":"live_trades_bcheur"}
2018-11-29 21:08:56 DEBUG c.q.m.s.w.b.BitstampWebsocketClientHandler 44 onReceive - Bitstamp交易所收到订阅消息:{"event":"trade","data":"{\"amount\": 0.29048590000000002, \"buy_order_id\": 2466951811, \"sell_order_id\": 2466952760, \"amount_str\": \"0.29048590\", \"price_str\": \"157.90\", \"timestamp\": \"1543496936\", \"price\": 157.90000000000001, \"type\": 1, \"id\": 78657208}","channel":"live_trades_bcheur"}
2018-11-29 21:08:57 DEBUG c.q.m.s.w.b.BitstampWebsocketClientHandler 44 onReceive - Bitstamp交易所收到订阅消息:{"event":"trade","data":"{\"amount\": 2290.97867705, \"buy_order_id\": 2466952841, \"sell_order_id\": 2466952658, \"amount_str\": \"2290.97867705\", \"price_str\": \"0.37129\", \"timestamp\": \"1543496937\", \"price\": 0.37129000000000001, \"type\": 0, \"id\": 78657209}","channel":"live_trades_xrpusd"}
2018-11-29 21:08:58 DEBUG c.q.m.s.w.c.CoinbaseWebsocketClientHandler 37 onReceive - Coinbase交易所收到订阅消息:{"type":"ticker","sequence":5866891307,"product_id":"ETH-USD","price":"116.94000000","open_24h":"115.72000000","volume_24h":"316780.42918398","low_24h":"114.60000000","high_24h":"126.46000000","volume_30d":"5303003.23324028","best_bid":"116.79","best_ask":"116.94","side":"buy","time":"2018-11-29T13:08:59.046000Z","trade_id":42533550,"last_size":"2.14000000"}
2018-11-29 21:08:58 DEBUG c.q.m.s.w.c.CoinbaseWebsocketClientHandler 37 onReceive - Coinbase交易所收到订阅消息:{"type":"ticker","sequence":5866891309,"product_id":"ETH-USD","price":"116.94000000","open_24h":"115.72000000","volume_24h":"316782.62918398","low_24h":"114.60000000","high_24h":"126.46000000","volume_30d":"5303005.43324028","best_bid":"116.79","best_ask":"116.95","side":"buy","time":"2018-11-29T13:08:59.046000Z","trade_id":42533551,"last_size":"2.20000000"}
2018-11-29 21:08:58 DEBUG c.q.m.s.w.c.CoinbaseWebsocketClientHandler 37 onReceive - Coinbase交易所收到订阅消息:{"type":"ticker","sequence":5866891319,"product_id":"ETH-USD","price":"117.00000000","open_24h":"115.72000000","volume_24h":"316792.62918398","low_24h":"114.60000000","high_24h":"126.46000000","volume_30d":"5303015.43324028","best_bid":"116.79","best_ask":"117","side":"buy","time":"2018-11-29T13:08:59.046000Z","trade_id":42533556,"last_size":"10.00000000"}
2018-11-29 21:08:58 DEBUG c.q.m.s.w.c.CoinbaseWebsocketClientHandler 37 onReceive - Coinbase交易所收到订阅消息:{"type":"ticker","sequence":5866891321,"product_id":"ETH-USD","price":"117.00000000","open_24h":"115.72000000","volume_24h":"316793.62918398","low_24h":"114.60000000","high_24h":"126.46000000","volume_30d":"5303016.43324028","best_bid":"117","best_ask":"117.04","side":"buy","time":"2018-11-29T13:08:59.046000Z","trade_id":42533557,"last_size":"1.00000000"}
2018-11-29 21:08:59 DEBUG c.q.m.s.w.c.CoinbaseWebsocketClientHandler 37 onReceive - Coinbase交易所收到订阅消息:{"type":"ticker","sequence":5866891521,"product_id":"ETH-USD","price":"117.00000000","open_24h":"115.72000000","volume_24h":"316794.24651731","low_24h":"114.60000000","high_24h":"126.46000000","volume_30d":"5303017.05057361","best_bid":"117","best_ask":"117.01","side":"sell","time":"2018-11-29T13:09:00.066000Z","trade_id":42533558,"last_size":"0.61733333"}
2018-11-29 21:09:00 DEBUG c.q.m.s.w.c.CoinbaseWebsocketClientHandler 37 onReceive - Coinbase交易所收到订阅消息:{"type":"ticker","sequence":5866891544,"product_id":"ETH-USD","price":"117.00000000","open_24h":"115.72000000","volume_24h":"316802.24651731","low_24h":"114.60000000","high_24h":"126.46000000","volume_30d":"5303025.05057361","best_bid":"117","best_ask":"117.01","side":"sell","time":"2018-11-29T13:09:00.333000Z","trade_id":42533559,"last_size":"8.00000000"}
2018-11-29 21:09:00 DEBUG c.q.m.s.w.c.CoinbaseWebsocketClientHandler 37 onReceive - Coinbase交易所收到订阅消息:{"type":"ticker","sequence":5866891550,"product_id":"ETH-USD","price":"117.00000000","open_24h":"115.72000000","volume_24h":"316825.24651731","low_24h":"114.60000000","high_24h":"126.46000000","volume_30d":"5303048.05057361","best_bid":"117","best_ask":"117.01","side":"sell","time":"2018-11-29T13:09:00.365000Z","trade_id":42533560,"last_size":"23.00000000"}
2018-11-29 21:09:00 DEBUG c.q.m.s.w.c.CoinbaseWebsocketClientHandler 37 onReceive - Coinbase交易所收到订阅消息:{"type":"ticker","sequence":5866891553,"product_id":"ETH-USD","price":"117.00000000","open_24h":"115.72000000","volume_24h":"316854.96949731","low_24h":"114.60000000","high_24h":"126.46000000","volume_30d":"5303077.77355361","best_bid":"117","best_ask":"117.01","side":"sell","time":"2018-11-29T13:09:00.368000Z","trade_id":42533561,"last_size":"29.72298000"}
2018-11-29 21:09:00 DEBUG c.q.m.s.w.c.CoinbaseWebsocketClientHandler 37 onReceive - Coinbase交易所收到订阅消息:{"type":"ticker","sequence":5866891561,"product_id":"ETH-USD","price":"117.00000000","open_24h":"115.72000000","volume_24h":"316854.99949731","low_24h":"114.60000000","high_24h":"126.46000000","volume_30d":"5303077.80355361","best_bid":"117","best_ask":"117.01","side":"sell","time":"2018-11-29T13:09:00.378000Z","trade_id":42533563,"last_size":"0.03000000"}
2018-11-29 21:09:00 DEBUG c.q.m.s.w.c.CoinbaseWebsocketClientHandler 37 onReceive - Coinbase交易所收到订阅消息:{"type":"ticker","sequence":5866891563,"product_id":"ETH-USD","price":"117.00000000","open_24h":"115.72000000","volume_24h":"316864.37187515","low_24h":"114.60000000","high_24h":"126.46000000","volume_30d":"5303087.17593145","best_bid":"117","best_ask":"117.01","side":"sell","time":"2018-11-29T13:09:00.378000Z","trade_id":42533564,"last_size":"9.37237784"}
2018-11-29 21:09:00 DEBUG c.q.m.s.w.c.CoinbaseWebsocketClientHandler 37 onReceive - Coinbase交易所收到订阅消息:{"type":"ticker","sequence":5866891577,"product_id":"ETH-USD","price":"117.00000000","open_24h":"115.72000000","volume_24h":"316864.37188013","low_24h":"114.60000000","high_24h":"126.46000000","volume_30d":"5303087.17593643","best_bid":"116.83","best_ask":"117.01","side":"sell","time":"2018-11-29T13:09:00.458000Z","trade_id":42533565,"last_size":"0.00000498"}
2018-11-29 21:09:00 DEBUG c.q.m.s.w.c.CoinbaseWebsocketClientHandler 37 onReceive - Coinbase交易所收到订阅消息:{"type":"ticker","sequence":5866891668,"product_id":"ETH-USD","price":"116.96000000","open_24h":"115.72000000","volume_24h":"316864.62188013","low_24h":"114.60000000","high_24h":"126.46000000","volume_30d":"5303087.42593643","best_bid":"116.83","best_ask":"116.98","side":"sell","time":"2018-11-29T13:09:00.717000Z","trade_id":42533566,"last_size":"0.25000000"}
2018-11-29 21:09:02 DEBUG c.q.m.s.w.b.BitstampWebsocketClientHandler 44 onReceive - Bitstamp交易所收到订阅消息:{"event":"trade","data":"{\"amount\": 0.017723800000000001, \"buy_order_id\": 2466953287, \"sell_order_id\": 2466953245, \"amount_str\": \"0.01772380\", \"price_str\": \"3735.15\", \"timestamp\": \"1543496942\", \"price\": 3735.1500000000001, \"type\": 0, \"id\": 78657210}","channel":"live_trades_btceur"}
2018-11-29 21:09:02 DEBUG c.q.m.s.w.b.BitstampWebsocketClientHandler 44 onReceive - Bitstamp交易所收到订阅消息:{"event":"trade","data":"{\"amount\": 0.72046153999999996, \"buy_order_id\": 2466953195, \"sell_order_id\": 2466953345, \"amount_str\": \"0.72046154\", \"price_str\": \"116.82\", \"timestamp\": \"1543496942\", \"price\": 116.81999999999999, \"type\": 1, \"id\": 78657211}","channel":"live_trades_ethusd"}
2018-11-29 21:09:03 DEBUG c.q.m.s.w.c.CoinbaseWebsocketClientHandler 37 onReceive - Coinbase交易所收到订阅消息:{"type":"ticker","sequence":5866892086,"product_id":"ETH-USD","price":"116.85000000","open_24h":"115.33000000","volume_24h":"317578.86941579","low_24h":"114.60000000","high_24h":"126.46000000","volume_30d":"5304260.32583715","best_bid":"116.84","best_ask":"116.85","side":"buy","time":"2018-11-29T13:09:03.983000Z","trade_id":42533567,"last_size":"4.43519170"}
2018-11-29 21:09:03 DEBUG c.q.m.s.w.c.CoinbaseWebsocketClientHandler 37 onReceive - Coinbase交易所收到订阅消息:{"type":"ticker","sequence":5866892122,"product_id":"ETH-USD","price":"116.84000000","open_24h":"115.33000000","volume_24h":"317587.89641579","low_24h":"114.60000000","high_24h":"126.46000000","volume_30d":"5304269.35283715","best_bid":"116.84","best_ask":"116.85","side":"sell","time":"2018-11-29T13:09:04.247000Z","trade_id":42533568,"last_size":"9.02700000"}
2018-11-29 21:09:04 DEBUG c.q.m.s.w.b.BitstampWebsocketClientHandler 44 onReceive - Bitstamp交易所收到订阅消息:{"event":"trade","data":"{\"amount\": 6.1454529899999999, \"buy_order_id\": 2466953458, \"sell_order_id\": 2466953483, \"amount_str\": \"6.14545299\", \"price_str\": \"116.98\", \"timestamp\": \"1543496944\", \"price\": 116.98, \"type\": 1, \"id\": 78657212}","channel":"live_trades_ethusd"}
2018-11-29 21:09:04 DEBUG c.q.m.s.w.c.CoinbaseWebsocketClientHandler 37 onReceive - Coinbase交易所收到订阅消息:{"type":"ticker","sequence":5866892137,"product_id":"ETH-USD","price":"116.84000000","open_24h":"115.33000000","volume_24h":"317587.89668515","low_24h":"114.60000000","high_24h":"126.46000000","volume_30d":"5304269.35310651","best_bid":"116.83","best_ask":"116.85","side":"sell","time":"2018-11-29T13:09:04.629000Z","trade_id":42533569,"last_size":"0.00026936"}
2018-11-29 21:09:04 DEBUG c.q.m.s.w.c.CoinbaseWebsocketClientHandler 37 onReceive - Coinbase交易所收到订阅消息:{"type":"ticker","sequence":5866892139,"product_id":"ETH-USD","price":"116.83000000","open_24h":"115.33000000","volume_24h":"317617.89641579","low_24h":"114.60000000","high_24h":"126.46000000","volume_30d":"5304299.35283715","best_bid":"116.83","best_ask":"116.85","side":"sell","time":"2018-11-29T13:09:04.629000Z","trade_id":42533570,"last_size":"29.99973064"}
2018-11-29 21:09:04 DEBUG c.q.m.s.w.b.BitstampWebsocketClientHandler 44 onReceive - Bitstamp交易所收到订阅消息:{"event":"trade","data":"{\"amount\": 0.95999999999999996, \"buy_order_id\": 2466953494, \"sell_order_id\": 2466953414, \"amount_str\": \"0.96000000\", \"price_str\": \"117.03\", \"timestamp\": \"1543496944\", \"price\": 117.03, \"type\": 0, \"id\": 78657213}","channel":"live_trades_ethusd"}
2018-11-29 21:09:04 DEBUG c.q.m.s.w.b.BitstampWebsocketClientHandler 44 onReceive - Bitstamp交易所收到订阅消息:{"event":"trade","data":"{\"amount\": 0.040000000000000001, \"buy_order_id\": 2466953494, \"sell_order_id\": 2466953495, \"amount_str\": \"0.04000000\", \"price_str\": \"117.04\", \"timestamp\": \"1543496944\", \"price\": 117.04000000000001, \"type\": 1, \"id\": 78657214}","channel":"live_trades_ethusd"}
2018-11-29 21:09:04 DEBUG c.q.m.s.w.c.CoinbaseWebsocketClientHandler 37 onReceive - Coinbase交易所收到订阅消息:{"type":"ticker","sequence":5866892184,"product_id":"ETH-USD","price":"116.83000000","open_24h":"115.33000000","volume_24h":"317627.81557908","low_24h":"114.60000000","high_24h":"126.46000000","volume_30d":"5304309.27200044","best_bid":"116.79","best_ask":"116.83","side":"sell","time":"2018-11-29T13:09:05.004000Z","trade_id":42533572,"last_size":"9.91916329"}
2018-11-29 21:09:04 DEBUG c.q.m.s.w.b.BitstampWebsocketClientHandler 44 onReceive - Bitstamp交易所收到订阅消息:{"event":"trade","data":"{\"amount\": 18.854547010000001, \"buy_order_id\": 2466953458, \"sell_order_id\": 2466953495, \"amount_str\": \"18.85454701\", \"price_str\": \"116.98\", \"timestamp\": \"1543496944\", \"price\": 116.98, \"type\": 1, \"id\": 78657215}","channel":"live_trades_ethusd"}
2018-11-29 21:09:06 DEBUG c.q.m.s.w.b.BitstampWebsocketClientHandler 44 onReceive - Bitstamp交易所收到订阅消息:{"event":"trade","data":"{\"amount\": 0.82867241999999997, \"buy_order_id\": 2466953165, \"sell_order_id\": 2466953759, \"amount_str\": \"0.82867242\", \"price_str\": \"116.79\", \"timestamp\": \"1543496946\", \"price\": 116.79000000000001, \"type\": 1, \"id\": 78657216}","channel":"live_trades_ethusd"}
2018-11-29 21:09:07 DEBUG c.q.m.s.w.b.BitstampWebsocketClientHandler 44 onReceive - Bitstamp交易所收到订阅消息:{"event":"trade","data":"{\"amount\": 3000.0, \"buy_order_id\": 2466953436, \"sell_order_id\": 2466953764, \"amount_str\": \"3000.00000000\", \"price_str\": \"0.37133\", \"timestamp\": \"1543496947\", \"price\": 0.37132999999999999, \"type\": 1, \"id\": 78657217}","channel":"live_trades_xrpusd"}
2018-11-29 21:09:07 DEBUG c.q.m.s.w.c.CoinbaseWebsocketClientHandler 37 onReceive - Coinbase交易所收到订阅消息:{"type":"ticker","sequence":5866892554,"product_id":"ETH-USD","price":"116.86000000","open_24h":"115.33000000","volume_24h":"317627.82557908","low_24h":"114.60000000","high_24h":"126.46000000","volume_30d":"5304309.28200044","best_bid":"116.81","best_ask":"116.86","side":"buy","time":"2018-11-29T13:09:07.420000Z","trade_id":42533573,"last_size":"0.01000000"}
2018-11-29 21:09:07 DEBUG c.q.m.s.w.c.CoinbaseWebsocketClientHandler 37 onReceive - Coinbase交易所收到订阅消息:{"type":"ticker","sequence":5866892556,"product_id":"ETH-USD","price":"116.86000000","open_24h":"115.33000000","volume_24h":"317629.31557908","low_24h":"114.60000000","high_24h":"126.46000000","volume_30d":"5304310.77200044","best_bid":"116.81","best_ask":"116.86","side":"buy","time":"2018-11-29T13:09:07.420000Z","trade_id":42533574,"last_size":"1.49000000"}
2018-11-29 21:09:07 DEBUG c.q.m.s.w.b.BitstampWebsocketClientHandler 44 onReceive - Bitstamp交易所收到订阅消息:{"event":"trade","data":"{\"amount\": 3.05942384, \"buy_order_id\": 2466953806, \"sell_order_id\": 2466953854, \"amount_str\": \"3.05942384\", \"price_str\": \"116.82\", \"timestamp\": \"1543496947\", \"price\": 116.81999999999999, \"type\": 1, \"id\": 78657219}","channel":"live_trades_ethusd"}
2018-11-29 21:09:07 DEBUG c.q.m.s.w.b.BitstampWebsocketClientHandler 44 onReceive - Bitstamp交易所收到订阅消息:{"event":"trade","data":"{\"amount\": 4.6322414700000003, \"buy_order_id\": 2466953165, \"sell_order_id\": 2466953854, \"amount_str\": \"4.63224147\", \"price_str\": \"116.79\", \"timestamp\": \"1543496947\", \"price\": 116.79000000000001, \"type\": 1, \"id\": 78657220}","channel":"live_trades_ethusd"}
2018-11-29 21:09:09 DEBUG c.q.m.s.w.c.CoinbaseWebsocketClientHandler 37 onReceive - Coinbase交易所收到订阅消息:{"type":"ticker","sequence":5866892712,"product_id":"ETH-USD","price":"116.81000000","open_24h":"115.33000000","volume_24h":"317629.33557908","low_24h":"114.60000000","high_24h":"126.46000000","volume_30d":"5304310.79200044","best_bid":"116.8","best_ask":"116.83","side":"sell","time":"2018-11-29T13:09:09.689000Z","trade_id":42533575,"last_size":"0.02000000"}
2018-11-29 21:09:09 DEBUG c.q.m.s.w.c.CoinbaseWebsocketClientHandler 37 onReceive - Coinbase交易所收到订阅消息:{"type":"ticker","sequence":5866892714,"product_id":"ETH-USD","price":"116.80000000","open_24h":"115.33000000","volume_24h":"317631.02852587","low_24h":"114.60000000","high_24h":"126.46000000","volume_30d":"5304312.48494723","best_bid":"116.8","best_ask":"116.83","side":"sell","time":"2018-11-29T13:09:09.689000Z","trade_id":42533576,"last_size":"1.69294679"}
2018-11-29 21:09:09 DEBUG c.q.m.s.w.c.CoinbaseWebsocketClientHandler 37 onReceive - Coinbase交易所收到订阅消息:{"type":"ticker","sequence":1613815208,"product_id":"ETH-EUR","price":"103.05000000","open_24h":"102.35000000","volume_24h":"47065.06392519","low_24h":"101.34000000","high_24h":"111.24000000","volume_30d":"691934.32887381","best_bid":"103.04","best_ask":"103.05","side":"buy","time":"2018-11-29T13:09:09.757000Z","trade_id":5373596,"last_size":"2.40000000"}
2018-11-29 21:09:09 DEBUG c.q.m.s.w.c.CoinbaseWebsocketClientHandler 37 onReceive - Coinbase交易所收到订阅消息:{"type":"ticker","sequence":1613815210,"product_id":"ETH-EUR","price":"103.05000000","open_24h":"102.35000000","volume_24h":"47066.53392605","low_24h":"101.34000000","high_24h":"111.24000000","volume_30d":"691935.79887467","best_bid":"103.04","best_ask":"103.05","side":"buy","time":"2018-11-29T13:09:09.757000Z","trade_id":5373597,"last_size":"1.47000086"}
2018-11-29 21:09:10 DEBUG c.q.m.s.w.b.BitstampWebsocketClientHandler 44 onReceive - Bitstamp交易所收到订阅消息:{"event":"trade","data":"{\"amount\": 1.5565397599999999, \"buy_order_id\": 2466952593, \"sell_order_id\": 2466954092, \"amount_str\": \"1.55653976\", \"price_str\": \"102.74\", \"timestamp\": \"1543496950\", \"price\": 102.73999999999999, \"type\": 1, \"id\": 78657221}","channel":"live_trades_etheur"}
2018-11-29 21:09:11 DEBUG c.q.m.s.w.b.BitstampWebsocketClientHandler 44 onReceive - Bitstamp交易所收到订阅消息:{"event":"trade","data":"{\"amount\": 0.0062039299999999999, \"buy_order_id\": 2466954136, \"sell_order_id\": 2466954128, \"amount_str\": \"0.00620393\", \"price_str\": \"3735.05\", \"timestamp\": \"1543496951\", \"price\": 3735.0500000000002, \"type\": 0, \"id\": 78657222}","channel":"live_trades_btceur"}
2018-11-29 21:09:11 DEBUG c.q.m.s.w.b.BitstampWebsocketClientHandler 44 onReceive - Bitstamp交易所收到订阅消息:{"event":"trade","data":"{\"amount\": 0.067503289999999994, \"buy_order_id\": 2466954136, \"sell_order_id\": 2466953950, \"amount_str\": \"0.06750329\", \"price_str\": \"3735.06\", \"timestamp\": \"1543496951\", \"price\": 3735.0599999999999, \"type\": 0, \"id\": 78657223}","channel":"live_trades_btceur"}
2018-11-29 21:09:11 DEBUG c.q.m.s.w.b.BitstampWebsocketClientHandler 44 onReceive - Bitstamp交易所收到订阅消息:{"event":"trade","data":"{\"amount\": 0.10913696000000001, \"buy_order_id\": 2466954172, \"sell_order_id\": 2466954169, \"amount_str\": \"0.10913696\", \"price_str\": \"0.02765496\", \"timestamp\": \"1543496951\", \"price\": 0.027654959999999999, \"type\": 0, \"id\": 78657224}","channel":"live_trades_ethbtc"}
2018-11-29 21:09:11 DEBUG c.q.m.s.w.b.BitstampWebsocketClientHandler 44 onReceive - Bitstamp交易所收到订阅消息:{"event":"trade","data":"{\"amount\": 0.079879549999999994, \"buy_order_id\": 2466953923, \"sell_order_id\": 2466954174, \"amount_str\": \"0.07987955\", \"price_str\": \"158.82\", \"timestamp\": \"1543496951\", \"price\": 158.81999999999999, \"type\": 1, \"id\": 78657225}","channel":"live_trades_bcheur"}
2018-11-29 21:09:11 DEBUG c.q.m.s.w.b.BitstampWebsocketClientHandler 44 onReceive - Bitstamp交易所收到订阅消息:{"event":"trade","data":"{\"amount\": 2000.0, \"buy_order_id\": 2466954054, \"sell_order_id\": 2466954195, \"amount_str\": \"2000.00000000\", \"price_str\": \"0.37158\", \"timestamp\": \"1543496951\", \"price\": 0.37158000000000002, \"type\": 1, \"id\": 78657226}","channel":"live_trades_xrpusd"}
2018-11-29 21:09:11 DEBUG c.q.m.s.w.b.BitstampWebsocketClientHandler 44 onReceive - Bitstamp交易所收到订阅消息:{"event":"trade","data":"{\"amount\": 0.02, \"buy_order_id\": 2466954136, \"sell_order_id\": 2466954196, \"amount_str\": \"0.02000000\", \"price_str\": \"3735.06\", \"timestamp\": \"1543496951\", \"price\": 3735.0599999999999, \"type\": 1, \"id\": 78657227}","channel":"live_trades_btceur"}
2018-11-29 21:09:11 DEBUG c.q.m.s.w.b.BitstampWebsocketClientHandler 44 onReceive - Bitstamp交易所收到订阅消息:{"event":"trade","data":"{\"amount\": 3.91267554, \"buy_order_id\": 2466954136, \"sell_order_id\": 2466954218, \"amount_str\": \"3.91267554\", \"price_str\": \"3735.06\", \"timestamp\": \"1543496951\", \"price\": 3735.0599999999999, \"type\": 1, \"id\": 78657228}","channel":"live_trades_btceur"}
2018-11-29 21:09:12 DEBUG c.q.m.s.w.c.CoinbaseWebsocketClientHandler 37 onReceive - Coinbase交易所收到订阅消息:{"type":"ticker","sequence":1613815351,"product_id":"ETH-EUR","price":"103.07000000","open_24h":"102.35000000","volume_24h":"47075.81851533","low_24h":"101.34000000","high_24h":"111.24000000","volume_30d":"691945.08346395","best_bid":"103.06","best_ask":"103.07","side":"buy","time":"2018-11-29T13:09:12.618000Z","trade_id":5373598,"last_size":"9.28458928"}
2018-11-29 21:09:14 DEBUG c.q.m.s.w.b.BitstampWebsocketClientHandler 44 onReceive - Bitstamp交易所收到订阅消息:{"event":"trade","data":"{\"amount\": 1.0, \"buy_order_id\": 2466954378, \"sell_order_id\": 2466954448, \"amount_str\": \"1.00000000\", \"price_str\": \"157.93\", \"timestamp\": \"1543496954\", \"price\": 157.93000000000001, \"type\": 1, \"id\": 78657230}","channel":"live_trades_bcheur"}
2018-11-29 21:09:14 DEBUG c.q.m.s.w.c.CoinbaseWebsocketClientHandler 37 onReceive - Coinbase交易所收到订阅消息:{"type":"ticker","sequence":5866893140,"product_id":"ETH-USD","price":"116.80000000","open_24h":"115.33000000","volume_24h":"317631.07110289","low_24h":"114.60000000","high_24h":"126.46000000","volume_30d":"5304312.52752425","best_bid":"116.79","best_ask":"116.8","side":"buy","time":"2018-11-29T13:09:14.843000Z","trade_id":42533577,"last_size":"0.04257702"}
2018-11-29 21:09:15 DEBUG c.q.m.s.w.c.CoinbaseWebsocketClientHandler 37 onReceive - Coinbase交易所收到订阅消息:{"type":"ticker","sequence":5866893195,"product_id":"ETH-USD","price":"116.79000000","open_24h":"115.33000000","volume_24h":"317631.08110289","low_24h":"114.60000000","high_24h":"126.46000000","volume_30d":"5304312.53752425","best_bid":"116.79","best_ask":"116.8","side":"sell","time":"2018-11-29T13:09:15.577000Z","trade_id":42533578,"last_size":"0.01000000"}
2018-11-29 21:09:15 DEBUG c.q.m.s.w.c.CoinbaseWebsocketClientHandler 37 onReceive - Coinbase交易所收到订阅消息:{"type":"ticker","sequence":5866893199,"product_id":"ETH-USD","price":"116.79000000","open_24h":"115.33000000","volume_24h":"317632.05110289","low_24h":"114.60000000","high_24h":"126.46000000","volume_30d":"5304313.50752425","best_bid":"116.79","best_ask":"116.8","side":"sell","time":"2018-11-29T13:09:15.577000Z","trade_id":42533580,"last_size":"0.97000000"}
2018-11-29 21:09:15 DEBUG c.q.m.s.w.b.BitstampWebsocketClientHandler 44 onReceive - Bitstamp交易所收到订阅消息:{"event":"trade","data":"{\"amount\": 1.326e-05, \"buy_order_id\": 2466954582, \"sell_order_id\": 2466947156, \"amount_str\": \"0.00001326\", \"price_str\": \"158.83\", \"timestamp\": \"1543496955\", \"price\": 158.83000000000001, \"type\": 0, \"id\": 78657231}","channel":"live_trades_bcheur"}
2018-11-29 21:09:15 DEBUG c.q.m.s.w.b.BitstampWebsocketClientHandler 44 onReceive - Bitstamp交易所收到订阅消息:{"event":"trade","data":"{\"amount\": 0.11767629, \"buy_order_id\": 2466954582, \"sell_order_id\": 2466947204, \"amount_str\": \"0.11767629\", \"price_str\": \"158.87\", \"timestamp\": \"1543496955\", \"price\": 158.87, \"type\": 0, \"id\": 78657232}","channel":"live_trades_bcheur"}
2018-11-29 21:09:16 DEBUG c.q.m.s.w.b.BitstampWebsocketClientHandler 44 onReceive - Bitstamp交易所收到订阅消息:{"event":"trade","data":"{\"amount\": 3.4046104499999998, \"buy_order_id\": 2466954582, \"sell_order_id\": 2466954088, \"amount_str\": \"3.40461045\", \"price_str\": \"158.89\", \"timestamp\": \"1543496956\", \"price\": 158.88999999999999, \"type\": 0, \"id\": 78657233}","channel":"live_trades_bcheur"}
2018-11-29 21:09:16 DEBUG c.q.m.s.w.b.BitstampWebsocketClientHandler 44 onReceive - Bitstamp交易所收到订阅消息:{"event":"trade","data":"{\"amount\": 0.10913696000000001, \"buy_order_id\": 2466954632, \"sell_order_id\": 2466954603, \"amount_str\": \"0.10913696\", \"price_str\": \"0.02763999\", \"timestamp\": \"1543496956\", \"price\": 0.02763999, \"type\": 0, \"id\": 78657234}","channel":"live_trades_ethbtc"}
2018-11-29 21:09:16 DEBUG c.q.m.s.w.c.CoinbaseWebsocketClientHandler 37 onReceive - Coinbase交易所收到订阅消息:{"type":"ticker","sequence":5866893398,"product_id":"ETH-USD","price":"116.78000000","open_24h":"115.33000000","volume_24h":"317632.06110289","low_24h":"114.60000000","high_24h":"126.46000000","volume_30d":"5304313.51752425","best_bid":"116.66","best_ask":"116.79","side":"sell","time":"2018-11-29T13:09:16.928000Z","trade_id":42533581,"last_size":"0.01000000"}
2018-11-29 21:09:16 DEBUG c.q.m.s.w.c.CoinbaseWebsocketClientHandler 37 onReceive - Coinbase交易所收到订阅消息:{"type":"ticker","sequence":1613815735,"product_id":"ETH-EUR","price":"103.06000000","open_24h":"102.35000000","volume_24h":"47077.82633773","low_24h":"101.34000000","high_24h":"111.24000000","volume_30d":"691947.09128635","best_bid":"103.06","best_ask":"103.07","side":"sell","time":"2018-11-29T13:09:17.251000Z","trade_id":5373599,"last_size":"2.00782240"}
2018-11-29 21:09:17 DEBUG c.q.m.s.w.b.BitstampWebsocketClientHandler 44 onReceive - Bitstamp交易所收到订阅消息:{"event":"trade","data":"{\"amount\": 0.25662752999999999, \"buy_order_id\": 2466954728, \"sell_order_id\": 2466954555, \"amount_str\": \"0.25662753\", \"price_str\": \"3734.32\", \"timestamp\": \"1543496957\", \"price\": 3734.3200000000002, \"type\": 0, \"id\": 78657235}","channel":"live_trades_btceur"}
2018-11-29 21:09:18 DEBUG c.q.m.s.w.b.BitstampWebsocketClientHandler 44 onReceive - Bitstamp交易所收到订阅消息:{"event":"trade","data":"{\"amount\": 0.020802600000000001, \"buy_order_id\": 2466954756, \"sell_order_id\": 2466954713, \"amount_str\": \"0.02080260\", \"price_str\": \"3734.33\", \"timestamp\": \"1543496958\", \"price\": 3734.3299999999999, \"type\": 0, \"id\": 78657236}","channel":"live_trades_btceur"}
2018-11-29 21:09:18 DEBUG c.q.m.s.w.b.BitstampWebsocketClientHandler 44 onReceive - Bitstamp交易所收到订阅消息:{"event":"trade","data":"{\"amount\": 148.207855, \"buy_order_id\": 2466954799, \"sell_order_id\": 2466954778, \"amount_str\": \"148.20785500\", \"price_str\": \"0.32750\", \"timestamp\": \"1543496958\", \"price\": 0.32750000000000001, \"type\": 0, \"id\": 78657237}","channel":"live_trades_xrpeur"}
2018-11-29 21:09:18 DEBUG c.q.m.s.w.b.BitstampWebsocketClientHandler 44 onReceive - Bitstamp交易所收到订阅消息:{"event":"trade","data":"{\"amount\": 0.20000999999999999, \"buy_order_id\": 2466954818, \"sell_order_id\": 2466954788, \"amount_str\": \"0.20001000\", \"price_str\": \"3734.32\", \"timestamp\": \"1543496958\", \"price\": 3734.3200000000002, \"type\": 0, \"id\": 78657238}","channel":"live_trades_btceur"}
2018-11-29 21:09:19 DEBUG c.q.m.s.w.b.BitstampWebsocketClientHandler 44 onReceive - Bitstamp交易所收到订阅消息:{"event":"trade","data":"{\"amount\": 75.0, \"buy_order_id\": 2466954854, \"sell_order_id\": 2466954735, \"amount_str\": \"75.00000000\", \"price_str\": \"102.74\", \"timestamp\": \"1543496959\", \"price\": 102.73999999999999, \"type\": 0, \"id\": 78657239}","channel":"live_trades_etheur"}
2018-11-29 21:09:20 DEBUG c.q.m.s.w.c.CoinbaseWebsocketClientHandler 37 onReceive - Coinbase交易所收到订阅消息:{"type":"ticker","sequence":5866893977,"product_id":"ETH-USD","price":"116.80000000","open_24h":"115.33000000","volume_24h":"317633.06830479","low_24h":"114.60000000","high_24h":"126.46000000","volume_30d":"5304314.52472615","best_bid":"116.67","best_ask":"116.8","side":"buy","time":"2018-11-29T13:09:20.286000Z","trade_id":42533582,"last_size":"1.00720190"}
2018-11-29 21:09:20 DEBUG c.q.m.s.w.b.BitstampWebsocketClientHandler 44 onReceive - Bitstamp交易所收到订阅消息:{"event":"trade","data":"{\"amount\": 0.29998999999999998, \"buy_order_id\": 2466954940, \"sell_order_id\": 2466954788, \"amount_str\": \"0.29999000\", \"price_str\": \"3734.32\", \"timestamp\": \"1543496960\", \"price\": 3734.3200000000002, \"type\": 0, \"id\": 78657240}","channel":"live_trades_btceur"}
2018-11-29 21:09:20 DEBUG c.q.m.s.w.b.BitstampWebsocketClientHandler 44 onReceive - Bitstamp交易所收到订阅消息:{"event":"trade","data":"{\"amount\": 2.9620807500000002, \"buy_order_id\": 2466954940, \"sell_order_id\": 2466954713, \"amount_str\": \"2.96208075\", \"price_str\": \"3734.33\", \"timestamp\": \"1543496960\", \"price\": 3734.3299999999999, \"type\": 0, \"id\": 78657241}","channel":"live_trades_btceur"}
2018-11-29 21:09:24 DEBUG c.q.m.s.w.b.BitstampWebsocketClientHandler 44 onReceive - Bitstamp交易所收到订阅消息:{"event":"trade","data":"{\"amount\": 0.58111380000000001, \"buy_order_id\": 2466955247, \"sell_order_id\": 2466954387, \"amount_str\": \"0.58111380\", \"price_str\": \"102.87\", \"timestamp\": \"1543496964\", \"price\": 102.87, \"type\": 0, \"id\": 78657242}","channel":"live_trades_etheur"}
2018-11-29 21:09:24 DEBUG c.q.m.s.w.b.BitstampWebsocketClientHandler 44 onReceive - Bitstamp交易所收到订阅消息:{"event":"trade","data":"{\"amount\": 0.20000000000000001, \"buy_order_id\": 2466955250, \"sell_order_id\": 2466953491, \"amount_str\": \"0.20000000\", \"price_str\": \"29.66\", \"timestamp\": \"1543496964\", \"price\": 29.66, \"type\": 0, \"id\": 78657243}","channel":"live_trades_ltceur"}
2018-11-29 21:09:26 DEBUG c.q.m.s.w.c.CoinbaseWebsocketClientHandler 37 onReceive - Coinbase交易所收到订阅消息:{"type":"ticker","sequence":5866894669,"product_id":"ETH-USD","price":"116.80000000","open_24h":"115.33000000","volume_24h":"317633.07830479","low_24h":"114.60000000","high_24h":"126.46000000","volume_30d":"5304314.53472615","best_bid":"116.79","best_ask":"116.8","side":"buy","time":"2018-11-29T13:09:26.500000Z","trade_id":42533583,"last_size":"0.01000000"}
2018-11-29 21:09:26 DEBUG c.q.m.s.w.c.CoinbaseWebsocketClientHandler 37 onReceive - Coinbase交易所收到订阅消息:{"type":"ticker","sequence":5866894672,"product_id":"ETH-USD","price":"116.80000000","open_24h":"115.33000000","volume_24h":"317644.06110289","low_24h":"114.60000000","high_24h":"126.46000000","volume_30d":"5304325.51752425","best_bid":"116.79","best_ask":"116.81","side":"buy","time":"2018-11-29T13:09:26.505000Z","trade_id":42533584,"last_size":"10.98279810"}
2018-11-29 21:09:26 DEBUG c.q.m.s.w.c.CoinbaseWebsocketClientHandler 37 onReceive - Coinbase交易所收到订阅消息:{"type":"ticker","sequence":5866894683,"product_id":"ETH-USD","price":"116.81000000","open_24h":"115.33000000","volume_24h":"317644.07110289","low_24h":"114.60000000","high_24h":"126.46000000","volume_30d":"5304325.52752425","best_bid":"116.8","best_ask":"116.9","side":"buy","time":"2018-11-29T13:09:26.530000Z","trade_id":42533585,"last_size":"0.01000000"}
2018-11-29 21:09:26 DEBUG c.q.m.s.w.c.CoinbaseWebsocketClientHandler 37 onReceive - Coinbase交易所收到订阅消息:{"type":"ticker","sequence":5866894871,"product_id":"ETH-USD","price":"116.90000000","open_24h":"115.33000000","volume_24h":"317669.07110289","low_24h":"114.60000000","high_24h":"126.46000000","volume_30d":"5304350.52752425","best_bid":"116.89","best_ask":"117.04","side":"buy","time":"2018-11-29T13:09:27.248000Z","trade_id":42533586,"last_size":"25.00000000"}
2018-11-29 21:09:27 DEBUG c.q.m.s.w.b.BitstampWebsocketClientHandler 44 onReceive - Bitstamp交易所收到订阅消息:{"event":"trade","data":"{\"amount\": 28.988299999999999, \"buy_order_id\": 2466955478, \"sell_order_id\": 2466955331, \"amount_str\": \"28.98830000\", \"price_str\": \"102.77\", \"timestamp\": \"1543496967\", \"price\": 102.77, \"type\": 0, \"id\": 78657244}","channel":"live_trades_etheur"}
2018-11-29 21:09:28 DEBUG c.q.m.s.w.b.BitstampWebsocketClientHandler 44 onReceive - Bitstamp交易所收到订阅消息:{"event":"trade","data":"{\"amount\": 3.8945470100000001, \"buy_order_id\": 2466955654, \"sell_order_id\": 2466955506, \"amount_str\": \"3.89454701\", \"price_str\": \"117.05\", \"timestamp\": \"1543496968\", \"price\": 117.05, \"type\": 0, \"id\": 78657245}","channel":"live_trades_ethusd"}
2018-11-29 21:09:28 DEBUG c.q.m.s.w.c.CoinbaseWebsocketClientHandler 37 onReceive - Coinbase交易所收到订阅消息:{"type":"ticker","sequence":1613816293,"product_id":"ETH-EUR","price":"103.14000000","open_24h":"102.35000000","volume_24h":"47078.82633773","low_24h":"101.34000000","high_24h":"111.24000000","volume_30d":"691948.09128635","best_bid":"103.05","best_ask":"103.14","side":"buy","time":"2018-11-29T13:09:28.701000Z","trade_id":5373600,"last_size":"1.00000000"}
2018-11-29 21:09:28 DEBUG c.q.m.s.w.c.CoinbaseWebsocketClientHandler 37 onReceive - Coinbase交易所收到订阅消息:{"type":"ticker","sequence":1613816299,"product_id":"ETH-EUR","price":"103.05000000","open_24h":"102.35000000","volume_24h":"47079.24810291","low_24h":"101.34000000","high_24h":"111.24000000","volume_30d":"691948.51305153","best_bid":"103.05","best_ask":"103.14","side":"sell","time":"2018-11-29T13:09:28.777000Z","trade_id":5373601,"last_size":"0.42176518"}
2018-11-29 21:09:28 DEBUG c.q.m.s.w.b.BitstampWebsocketClientHandler 44 onReceive - Bitstamp交易所收到订阅消息:{"event":"trade","data":"{\"amount\": 4.7256999999999998, \"buy_order_id\": 2466955689, \"sell_order_id\": 2466955331, \"amount_str\": \"4.72570000\", \"price_str\": \"102.77\", \"timestamp\": \"1543496968\", \"price\": 102.77, \"type\": 0, \"id\": 78657246}","channel":"live_trades_etheur"}
2018-11-29 21:09:28 DEBUG c.q.m.s.w.b.BitstampWebsocketClientHandler 44 onReceive - Bitstamp交易所收到订阅消息:{"event":"trade","data":"{\"amount\": 2662.8439400000002, \"buy_order_id\": 2466955704, \"sell_order_id\": 2466951570, \"amount_str\": \"2662.84394000\", \"price_str\": \"0.37179\", \"timestamp\": \"1543496968\", \"price\": 0.37179000000000001, \"type\": 0, \"id\": 78657247}","channel":"live_trades_xrpusd"}
2018-11-29 21:09:28 DEBUG c.q.m.s.w.c.CoinbaseWebsocketClientHandler 37 onReceive - Coinbase交易所收到订阅消息:{"type":"ticker","sequence":5866895194,"product_id":"ETH-USD","price":"117.04000000","open_24h":"115.33000000","volume_24h":"317669.08110289","low_24h":"114.60000000","high_24h":"126.46000000","volume_30d":"5304350.53752425","best_bid":"117.04","best_ask":"117.05","side":"sell","time":"2018-11-29T13:09:29.201000Z","trade_id":42533587,"last_size":"0.01000000"}
2018-11-29 21:09:28 DEBUG c.q.m.s.w.c.CoinbaseWebsocketClientHandler 37 onReceive - Coinbase交易所收到订阅消息:{"type":"ticker","sequence":5866895196,"product_id":"ETH-USD","price":"117.04000000","open_24h":"115.33000000","volume_24h":"317670.59810366","low_24h":"114.60000000","high_24h":"126.46000000","volume_30d":"5304352.05452502","best_bid":"117.04","best_ask":"117.05","side":"sell","time":"2018-11-29T13:09:29.201000Z","trade_id":42533588,"last_size":"1.51700077"}
2018-11-29 21:09:29 DEBUG c.q.m.s.w.b.BitstampWebsocketClientHandler 44 onReceive - Bitstamp交易所收到订阅消息:{"event":"trade","data":"{\"amount\": 2.25, \"buy_order_id\": 2466955462, \"sell_order_id\": 2466955750, \"amount_str\": \"2.25000000\", \"price_str\": \"116.86\", \"timestamp\": \"1543496969\", \"price\": 116.86, \"type\": 1, \"id\": 78657248}","channel":"live_trades_ethusd"}
2018-11-29 21:09:30 DEBUG c.q.m.s.w.c.CoinbaseWebsocketClientHandler 37 onReceive - Coinbase交易所收到订阅消息:{"type":"ticker","sequence":5866895371,"product_id":"ETH-USD","price":"117.05000000","open_24h":"115.33000000","volume_24h":"317670.72608107","low_24h":"114.60000000","high_24h":"126.46000000","volume_30d":"5304352.18250243","best_bid":"117.04","best_ask":"117.05","side":"buy","time":"2018-11-29T13:09:30.627000Z","trade_id":42533589,"last_size":"0.12797741"}
2018-11-29 21:09:30 DEBUG c.q.m.s.w.c.CoinbaseWebsocketClientHandler 37 onReceive - Coinbase交易所收到订阅消息:{"type":"ticker","sequence":5866895373,"product_id":"ETH-USD","price":"117.05000000","open_24h":"115.33000000","volume_24h":"317678.78874592","low_24h":"114.60000000","high_24h":"126.46000000","volume_30d":"5304360.24516728","best_bid":"117.04","best_ask":"117.05","side":"buy","time":"2018-11-29T13:09:30.627000Z","trade_id":42533590,"last_size":"8.06266485"}
2018-11-29 21:09:30 DEBUG c.q.m.s.w.c.CoinbaseWebsocketClientHandler 37 onReceive - Coinbase交易所收到订阅消息:{"type":"ticker","sequence":5866895398,"product_id":"ETH-USD","price":"117.04000000","open_24h":"115.33000000","volume_24h":"317698.78874592","low_24h":"114.60000000","high_24h":"126.46000000","volume_30d":"5304380.24516728","best_bid":"117.04","best_ask":"117.05","side":"sell","time":"2018-11-29T13:09:30.803000Z","trade_id":42533591,"last_size":"20.00000000"}
2018-11-29 21:09:30 DEBUG c.q.m.s.w.c.CoinbaseWebsocketClientHandler 37 onReceive - Coinbase交易所收到订阅消息:{"type":"ticker","sequence":5866895402,"product_id":"ETH-USD","price":"117.03000000","open_24h":"115.33000000","volume_24h":"317700.73654616","low_24h":"114.60000000","high_24h":"126.46000000","volume_30d":"5304382.19296752","best_bid":"117.03","best_ask":"117.05","side":"sell","time":"2018-11-29T13:09:30.803000Z","trade_id":42533593,"last_size":"1.94780024"}
2018-11-29 21:09:34 DEBUG c.q.m.s.w.c.CoinbaseWebsocketClientHandler 37 onReceive - Coinbase交易所收到订阅消息:{"type":"ticker","sequence":1613816666,"product_id":"ETH-EUR","price":"103.16000000","open_24h":"102.35000000","volume_24h":"47079.7548345","low_24h":"101.34000000","high_24h":"111.24000000","volume_30d":"691949.01978312","best_bid":"103.09","best_ask":"103.16","side":"buy","time":"2018-11-29T13:09:34.567000Z","trade_id":5373603,"last_size":"0.50673159"}
2018-11-29 21:09:35 DEBUG c.q.m.s.w.b.BitstampWebsocketClientHandler 44 onReceive - Bitstamp交易所收到订阅消息:{"event":"trade","data":"{\"amount\": 0.090399999999999994, \"buy_order_id\": 2466956292, \"sell_order_id\": 2466954325, \"amount_str\": \"0.09040000\", \"price_str\": \"3734.34\", \"timestamp\": \"1543496975\", \"price\": 3734.3400000000001, \"type\": 0, \"id\": 78657249}","channel":"live_trades_btceur"}
