2018-12-04 16:12:09 INFO  c.q.m.Application 48 logStarting - Starting Application on LAPTOP-10S94U1O with PID 19616 (D:\work\QuantDo\Index\spring-boot-index\target\classes started by Quantdo in D:\work\QuantDo\Index\spring-boot-index)
2018-12-04 16:12:09 INFO  c.q.m.Application 593 logStartupProfileInfo - No active profile set, falling back to default profiles: default
2018-12-04 16:12:09 INFO  o.s.b.c.e.AnnotationConfigEmbeddedWebApplicationContext 583 prepareRefresh - Refreshing org.springframework.boot.context.embedded.AnnotationConfigEmbeddedWebApplicationContext@58a9760d: startup date [Tue Dec 04 16:12:09 CST 2018]; root of context hierarchy
2018-12-04 16:12:10 INFO  o.h.v.i.u.Version 30 <clinit> - HV000001: Hibernate Validator 5.3.5.Final
2018-12-04 16:12:11 INFO  o.s.d.r.c.RepositoryConfigurationDelegate 165 multipleStoresDetected - Multiple Spring Data modules found, entering strict repository configuration mode!
2018-12-04 16:12:13 INFO  o.s.b.c.e.t.TomcatEmbeddedServletContainer 89 initialize - Tomcat initialized with port(s): 8080 (http)
2018-12-04 16:12:13 INFO  o.a.c.c.StandardService 179 log - Starting service [Tomcat]
2018-12-04 16:12:13 INFO  o.a.c.c.StandardEngine 179 log - Starting Servlet Engine: Apache Tomcat/8.5.16
2018-12-04 16:12:13 INFO  o.a.c.c.C.[.[.[/] 179 log - Initializing Spring embedded WebApplicationContext
2018-12-04 16:12:13 INFO  o.s.w.c.ContextLoader 276 prepareEmbeddedWebApplicationContext - Root WebApplicationContext: initialization completed in 3569 ms
2018-12-04 16:12:13 INFO  o.s.b.w.s.ServletRegistrationBean 190 onStartup - Mapping servlet: 'dispatcherServlet' to [/]
2018-12-04 16:12:13 INFO  o.s.b.w.s.FilterRegistrationBean 258 configure - Mapping filter: 'characterEncodingFilter' to: [/*]
2018-12-04 16:12:13 INFO  o.s.b.w.s.FilterRegistrationBean 258 configure - Mapping filter: 'hiddenHttpMethodFilter' to: [/*]
2018-12-04 16:12:13 INFO  o.s.b.w.s.FilterRegistrationBean 258 configure - Mapping filter: 'httpPutFormContentFilter' to: [/*]
2018-12-04 16:12:13 INFO  o.s.b.w.s.FilterRegistrationBean 258 configure - Mapping filter: 'requestContextFilter' to: [/*]
2018-12-04 16:12:14 INFO  o.q.i.StdSchedulerFactory 1184 instantiate - Using default implementation for ThreadExecutor
2018-12-04 16:12:14 INFO  o.q.c.SchedulerSignalerImpl 61 <init> - Initialized Scheduler Signaller of type: class org.quartz.core.SchedulerSignalerImpl
2018-12-04 16:12:14 INFO  o.q.c.QuartzScheduler 240 <init> - Quartz Scheduler v.2.2.1 created.
2018-12-04 16:12:14 INFO  o.q.s.RAMJobStore 155 initialize - RAMJobStore initialized.
2018-12-04 16:12:14 INFO  o.q.c.QuartzScheduler 305 initialize - Scheduler meta-data: Quartz Scheduler (v2.2.1) 'schedulerFactoryBean' with instanceId 'NON_CLUSTERED'
  Scheduler class: 'org.quartz.core.QuartzScheduler' - running locally.
  NOT STARTED.
  Currently in standby mode.
  Number of jobs executed: 0
  Using thread pool 'org.quartz.simpl.SimpleThreadPool' - with 10 threads.
  Using job-store 'org.quartz.simpl.RAMJobStore' - which does not support persistence. and is not clustered.

2018-12-04 16:12:14 INFO  o.q.i.StdSchedulerFactory 1339 instantiate - Quartz scheduler 'schedulerFactoryBean' initialized from an externally provided properties instance.
2018-12-04 16:12:14 INFO  o.q.i.StdSchedulerFactory 1343 instantiate - Quartz scheduler version: 2.2.1
2018-12-04 16:12:14 INFO  o.q.c.QuartzScheduler 2311 setJobFactory - JobFactory set to: com.quantdo.market.service.job.JobFactory@a518813
2018-12-04 16:12:15 INFO  o.s.w.s.m.m.a.RequestMappingHandlerAdapter 534 initControllerAdviceCache - Looking for @ControllerAdvice: org.springframework.boot.context.embedded.AnnotationConfigEmbeddedWebApplicationContext@58a9760d: startup date [Tue Dec 04 16:12:09 CST 2018]; root of context hierarchy
2018-12-04 16:12:15 INFO  o.s.w.s.m.m.a.RequestMappingHandlerMapping 543 register - Mapped "{[/error]}" onto public org.springframework.http.ResponseEntity<java.util.Map<java.lang.String, java.lang.Object>> org.springframework.boot.autoconfigure.web.BasicErrorController.error(javax.servlet.http.HttpServletRequest)
2018-12-04 16:12:15 INFO  o.s.w.s.m.m.a.RequestMappingHandlerMapping 543 register - Mapped "{[/error],produces=[text/html]}" onto public org.springframework.web.servlet.ModelAndView org.springframework.boot.autoconfigure.web.BasicErrorController.errorHtml(javax.servlet.http.HttpServletRequest,javax.servlet.http.HttpServletResponse)
2018-12-04 16:12:15 INFO  o.s.w.s.h.SimpleUrlHandlerMapping 362 registerHandler - Mapped URL path [/webjars/**] onto handler of type [class org.springframework.web.servlet.resource.ResourceHttpRequestHandler]
2018-12-04 16:12:15 INFO  o.s.w.s.h.SimpleUrlHandlerMapping 362 registerHandler - Mapped URL path [/**] onto handler of type [class org.springframework.web.servlet.resource.ResourceHttpRequestHandler]
2018-12-04 16:12:15 INFO  o.s.w.s.h.SimpleUrlHandlerMapping 362 registerHandler - Mapped URL path [/**/favicon.ico] onto handler of type [class org.springframework.web.servlet.resource.ResourceHttpRequestHandler]
2018-12-04 16:12:16 INFO  o.s.j.e.a.AnnotationMBeanExporter 431 afterSingletonsInstantiated - Registering beans for JMX exposure on startup
2018-12-04 16:12:16 INFO  o.s.c.s.DefaultLifecycleProcessor 343 start - Starting beans in phase 2147483647
2018-12-04 16:12:16 INFO  o.s.s.q.SchedulerFactoryBean 650 startScheduler - Will start Quartz Scheduler [schedulerFactoryBean] in 1 seconds
2018-12-04 16:12:17 INFO  o.s.s.q.SchedulerFactoryBean 665 run - Starting Quartz Scheduler now, after delay of 1 seconds
2018-12-04 16:12:17 INFO  o.q.c.QuartzScheduler 575 start - Scheduler schedulerFactoryBean_$_NON_CLUSTERED started.
2018-12-04 16:12:17 INFO  c.q.m.s.w.AbstractWebsocketClient$1 57 channelActive - The current link has been activated and the reconnect attempts are reset to 0.
2018-12-04 16:12:17 DEBUG c.q.m.s.w.b.BitstampWebsocketClientHandler 44 onReceive - Bitstamp交易所收到订阅消息:{"event":"pusher:connection_established","data":"{\"socket_id\":\"245625.7315436\"}"}
2018-12-04 16:12:17 INFO  c.q.m.s.w.b.BitstampWebsocketClient 167 operationComplete - --->>>ws.pusher.com:80连接成功
2018-12-04 16:12:17 DEBUG c.q.m.s.w.b.BitstampWebsocketClient 173 lambda$operationComplete$1 - 订阅信息:{"event": "pusher:subscribe", "data": {"channel": "live_trades_btcusd"}}
2018-12-04 16:12:17 DEBUG c.q.m.s.w.b.BitstampWebsocketClient 173 lambda$operationComplete$1 - 订阅信息:{"event": "pusher:subscribe", "data": {"channel": "live_trades_btceur"}}
2018-12-04 16:12:17 DEBUG c.q.m.s.w.b.BitstampWebsocketClient 173 lambda$operationComplete$1 - 订阅信息:{"event": "pusher:subscribe", "data": {"channel": "live_trades_eurusd"}}
2018-12-04 16:12:17 DEBUG c.q.m.s.w.b.BitstampWebsocketClient 173 lambda$operationComplete$1 - 订阅信息:{"event": "pusher:subscribe", "data": {"channel": "live_trades_xrpusd"}}
2018-12-04 16:12:17 DEBUG c.q.m.s.w.b.BitstampWebsocketClient 173 lambda$operationComplete$1 - 订阅信息:{"event": "pusher:subscribe", "data": {"channel": "live_trades_xrpeur"}}
2018-12-04 16:12:17 DEBUG c.q.m.s.w.b.BitstampWebsocketClient 173 lambda$operationComplete$1 - 订阅信息:{"event": "pusher:subscribe", "data": {"channel": "live_trades_xrpbtc"}}
2018-12-04 16:12:17 DEBUG c.q.m.s.w.b.BitstampWebsocketClient 173 lambda$operationComplete$1 - 订阅信息:{"event": "pusher:subscribe", "data": {"channel": "live_trades_ltcusd"}}
2018-12-04 16:12:17 DEBUG c.q.m.s.w.b.BitstampWebsocketClient 173 lambda$operationComplete$1 - 订阅信息:{"event": "pusher:subscribe", "data": {"channel": "live_trades_ltceur"}}
2018-12-04 16:12:17 DEBUG c.q.m.s.w.b.BitstampWebsocketClient 173 lambda$operationComplete$1 - 订阅信息:{"event": "pusher:subscribe", "data": {"channel": "live_trades_ltcbtc"}}
2018-12-04 16:12:17 DEBUG c.q.m.s.w.b.BitstampWebsocketClient 173 lambda$operationComplete$1 - 订阅信息:{"event": "pusher:subscribe", "data": {"channel": "live_trades_ethusd"}}
2018-12-04 16:12:17 DEBUG c.q.m.s.w.b.BitstampWebsocketClient 173 lambda$operationComplete$1 - 订阅信息:{"event": "pusher:subscribe", "data": {"channel": "live_trades_etheur"}}
2018-12-04 16:12:17 DEBUG c.q.m.s.w.b.BitstampWebsocketClient 173 lambda$operationComplete$1 - 订阅信息:{"event": "pusher:subscribe", "data": {"channel": "live_trades_ethbtc"}}
2018-12-04 16:12:17 DEBUG c.q.m.s.w.b.BitstampWebsocketClient 173 lambda$operationComplete$1 - 订阅信息:{"event": "pusher:subscribe", "data": {"channel": "live_trades_bchusd"}}
2018-12-04 16:12:17 DEBUG c.q.m.s.w.b.BitstampWebsocketClient 173 lambda$operationComplete$1 - 订阅信息:{"event": "pusher:subscribe", "data": {"channel": "live_trades_bcheur"}}
2018-12-04 16:12:17 DEBUG c.q.m.s.w.b.BitstampWebsocketClient 173 lambda$operationComplete$1 - 订阅信息:{"event": "pusher:subscribe", "data": {"channel": "live_trades_bchbtc"}}
2018-12-04 16:12:18 INFO  c.q.m.s.w.b.BitstampWebsocketClientHandler 40 onReceive - Bitstamp交易所收到订阅成功消息:{"event":"pusher_internal:subscription_succeeded","data":"{}","channel":"live_trades_btcusd"}
2018-12-04 16:12:18 INFO  c.q.m.s.w.b.BitstampWebsocketClientHandler 40 onReceive - Bitstamp交易所收到订阅成功消息:{"event":"pusher_internal:subscription_succeeded","data":"{}","channel":"live_trades_btceur"}
2018-12-04 16:12:18 INFO  c.q.m.s.w.b.BitstampWebsocketClientHandler 40 onReceive - Bitstamp交易所收到订阅成功消息:{"event":"pusher_internal:subscription_succeeded","data":"{}","channel":"live_trades_eurusd"}
2018-12-04 16:12:18 INFO  c.q.m.s.w.b.BitstampWebsocketClientHandler 40 onReceive - Bitstamp交易所收到订阅成功消息:{"event":"pusher_internal:subscription_succeeded","data":"{}","channel":"live_trades_xrpusd"}
2018-12-04 16:12:18 INFO  c.q.m.s.w.b.BitstampWebsocketClientHandler 40 onReceive - Bitstamp交易所收到订阅成功消息:{"event":"pusher_internal:subscription_succeeded","data":"{}","channel":"live_trades_xrpeur"}
2018-12-04 16:12:18 INFO  c.q.m.s.w.b.BitstampWebsocketClientHandler 40 onReceive - Bitstamp交易所收到订阅成功消息:{"event":"pusher_internal:subscription_succeeded","data":"{}","channel":"live_trades_xrpbtc"}
2018-12-04 16:12:18 INFO  c.q.m.s.w.b.BitstampWebsocketClientHandler 40 onReceive - Bitstamp交易所收到订阅成功消息:{"event":"pusher_internal:subscription_succeeded","data":"{}","channel":"live_trades_ltcusd"}
2018-12-04 16:12:18 INFO  c.q.m.s.w.b.BitstampWebsocketClientHandler 40 onReceive - Bitstamp交易所收到订阅成功消息:{"event":"pusher_internal:subscription_succeeded","data":"{}","channel":"live_trades_ltceur"}
2018-12-04 16:12:18 INFO  c.q.m.s.w.b.BitstampWebsocketClientHandler 40 onReceive - Bitstamp交易所收到订阅成功消息:{"event":"pusher_internal:subscription_succeeded","data":"{}","channel":"live_trades_ltcbtc"}
2018-12-04 16:12:18 INFO  c.q.m.s.w.b.BitstampWebsocketClientHandler 40 onReceive - Bitstamp交易所收到订阅成功消息:{"event":"pusher_internal:subscription_succeeded","data":"{}","channel":"live_trades_ethusd"}
2018-12-04 16:12:18 INFO  c.q.m.s.w.b.BitstampWebsocketClientHandler 40 onReceive - Bitstamp交易所收到订阅成功消息:{"event":"pusher_internal:subscription_succeeded","data":"{}","channel":"live_trades_etheur"}
2018-12-04 16:12:18 INFO  c.q.m.s.w.b.BitstampWebsocketClientHandler 40 onReceive - Bitstamp交易所收到订阅成功消息:{"event":"pusher_internal:subscription_succeeded","data":"{}","channel":"live_trades_ethbtc"}
2018-12-04 16:12:18 INFO  c.q.m.s.w.b.BitstampWebsocketClientHandler 40 onReceive - Bitstamp交易所收到订阅成功消息:{"event":"pusher_internal:subscription_succeeded","data":"{}","channel":"live_trades_bchusd"}
2018-12-04 16:12:18 INFO  c.q.m.s.w.b.BitstampWebsocketClientHandler 40 onReceive - Bitstamp交易所收到订阅成功消息:{"event":"pusher_internal:subscription_succeeded","data":"{}","channel":"live_trades_bcheur"}
2018-12-04 16:12:18 INFO  c.q.m.s.w.b.BitstampWebsocketClientHandler 40 onReceive - Bitstamp交易所收到订阅成功消息:{"event":"pusher_internal:subscription_succeeded","data":"{}","channel":"live_trades_bchbtc"}
2018-12-04 16:12:18 INFO  c.q.m.s.w.AbstractWebsocketClient$1 57 channelActive - The current link has been activated and the reconnect attempts are reset to 0.
2018-12-04 16:12:19 INFO  c.q.m.s.w.c.CoinbaseWebsocketClient 167 operationComplete - --->>>ws-feed.pro.coinbase.com:443连接成功
2018-12-04 16:12:19 DEBUG c.q.m.s.w.c.CoinbaseWebsocketClient 173 lambda$operationComplete$1 - 订阅信息:{"type": "subscribe","product_ids": ["ETH-USD","ETH-EUR"],"channels": ["ticker"]}
2018-12-04 16:12:19 INFO  o.a.c.h.Http11NioProtocol 179 log - Initializing ProtocolHandler ["http-nio-8080"]
2018-12-04 16:12:19 INFO  o.a.c.h.Http11NioProtocol 179 log - Starting ProtocolHandler ["http-nio-8080"]
2018-12-04 16:12:19 INFO  o.a.t.u.n.NioSelectorPool 179 log - Using a shared selector for servlet write/read
2018-12-04 16:12:19 INFO  o.s.b.c.e.t.TomcatEmbeddedServletContainer 201 start - Tomcat started on port(s): 8080 (http)
2018-12-04 16:12:19 INFO  c.q.m.Application 57 logStarted - Started Application in 10.294 seconds (JVM running for 11.121)
2018-12-04 16:12:19 DEBUG c.q.m.s.w.c.CoinbaseWebsocketClientHandler 37 onReceive - Coinbase交易所收到订阅消息:{"type":"ticker","sequence":5897636564,"product_id":"ETH-USD","price":"110.62000000","open_24h":"111.43000000","volume_24h":"154795.54405877","low_24h":"104.74000000","high_24h":"112.99000000","volume_30d":"5707836.68324947","best_bid":"110.61","best_ask":"110.62"}
2018-12-04 16:12:19 DEBUG c.q.m.s.w.c.CoinbaseWebsocketClientHandler 37 onReceive - Coinbase交易所收到订阅消息:{"type":"ticker","sequence":1632614024,"product_id":"ETH-EUR","price":"97.74000000","open_24h":"98.78000000","volume_24h":"21583.46627238","low_24h":"92.01000000","high_24h":"100.06000000","volume_30d":"749626.99561561","best_bid":"97.73","best_ask":"97.74"}
2018-12-04 16:12:19 INFO  c.q.m.s.w.c.CoinbaseWebsocketClientHandler 33 onReceive - Coinbase交易所订阅成功消息:{"type":"subscriptions","channels":[{"name":"ticker","product_ids":["ETH-USD","ETH-EUR"]}]}
2018-12-04 16:12:20 INFO  c.q.m.s.j.t.KrakenTickerJob 23 execute - KrakenJo定时任务开始...
2018-12-04 16:12:21 INFO  c.q.m.s.j.t.KrakenTickerJob 26 execute - KrakenJo定时任务结束，耗时1473毫秒
2018-12-04 16:12:25 INFO  c.q.m.s.j.t.KrakenTickerJob 23 execute - KrakenJo定时任务开始...
2018-12-04 16:12:25 INFO  c.q.m.s.j.t.KrakenTickerJob 26 execute - KrakenJo定时任务结束，耗时583毫秒
2018-12-04 16:12:30 INFO  c.q.m.s.j.t.KrakenTickerJob 23 execute - KrakenJo定时任务开始...
2018-12-04 16:12:30 INFO  c.q.m.s.j.t.KrakenTickerJob 26 execute - KrakenJo定时任务结束，耗时792毫秒
